SF:lib\core\utils\arabic_helper.dart
DA:4,2
DA:5,2
DA:13,2
DA:14,2
DA:15,2
DA:16,2
DA:17,2
DA:18,2
DA:19,2
DA:20,2
DA:21,2
DA:22,2
DA:23,2
DA:24,2
DA:25,2
DA:26,2
LF:16
LH:16
end_of_record
SF:lib\core\services\pdf_test_helper.dart
DA:8,1
DA:9,1
DA:10,2
DA:14,1
DA:15,1
DA:17,1
DA:18,1
DA:20,2
DA:22,1
DA:23,1
DA:28,3
DA:31,3
DA:34,0
DA:37,1
DA:38,1
DA:40,2
DA:41,1
DA:43,1
DA:45,1
DA:46,1
DA:48,1
DA:50,1
DA:51,1
DA:53,1
DA:55,1
DA:56,1
DA:57,1
DA:58,1
DA:59,1
DA:60,1
DA:62,1
DA:63,1
DA:72,1
DA:73,1
DA:75,2
DA:77,1
DA:79,1
DA:80,1
DA:81,1
DA:83,1
DA:86,1
DA:87,2
DA:88,1
DA:89,2
DA:96,3
DA:97,3
DA:99,3
DA:100,3
LF:48
LH:47
end_of_record
SF:lib\main.dart
DA:11,0
DA:12,0
DA:14,0
DA:16,0
DA:20,2
DA:23,2
DA:25,2
DA:26,2
DA:27,1
DA:36,4
DA:37,6
DA:43,4
DA:44,6
DA:56,4
LF:14
LH:10
end_of_record
SF:lib\ui\home\modern_home.dart
DA:15,1
DA:17,1
DA:18,1
DA:25,1
DA:27,1
DA:28,2
DA:31,0
DA:33,0
DA:34,0
DA:37,1
DA:39,1
DA:40,1
DA:41,3
DA:42,1
DA:43,1
DA:45,1
DA:47,1
DA:48,1
DA:50,3
DA:51,1
DA:52,1
DA:53,1
DA:55,3
DA:59,1
DA:60,1
DA:61,1
DA:63,1
DA:64,3
DA:65,1
DA:67,1
DA:69,3
DA:74,1
DA:75,1
DA:77,1
DA:78,1
DA:80,3
DA:81,1
DA:83,1
DA:85,3
DA:88,1
DA:89,1
DA:90,4
DA:91,1
DA:93,3
DA:99,1
DA:100,1
DA:102,1
DA:107,1
DA:108,1
DA:109,1
DA:110,1
DA:111,1
DA:114,1
DA:115,0
DA:116,0
DA:117,0
DA:118,0
DA:122,1
DA:124,1
DA:125,1
DA:131,1
DA:143,1
DA:148,1
DA:149,1
DA:150,1
DA:151,1
DA:152,1
DA:155,1
DA:157,1
DA:158,1
DA:164,1
DA:165,1
DA:181,1
DA:183,1
DA:184,3
DA:185,1
DA:186,1
DA:187,1
DA:189,3
DA:192,1
DA:193,1
DA:195,3
DA:196,1
DA:198,3
DA:199,1
DA:200,1
DA:202,3
DA:203,1
DA:205,1
DA:206,1
DA:208,1
DA:210,1
DA:212,1
DA:214,1
DA:216,1
DA:218,1
DA:220,1
DA:222,1
DA:226,1
DA:228,1
DA:235,1
DA:236,1
DA:237,1
DA:238,1
DA:240,1
DA:242,1
DA:244,1
DA:253,1
DA:255,1
DA:257,1
DA:260,1
DA:261,0
DA:262,0
DA:264,0
DA:265,0
DA:266,0
DA:275,1
DA:278,1
DA:279,1
DA:285,1
DA:288,1
DA:289,0
DA:290,0
DA:299,1
DA:302,1
DA:303,1
DA:309,1
DA:312,1
DA:313,0
DA:314,0
DA:323,1
DA:326,1
DA:327,1
DA:337,3
DA:338,3
DA:339,3
DA:340,3
DA:341,3
LF:138
LH:122
end_of_record
SF:lib\core\database\app_database.g.dart
DA:10,4
DA:13,8
DA:15,4
DA:20,4
DA:26,8
DA:28,4
DA:30,4
DA:41,8
DA:43,4
DA:50,8
DA:52,4
DA:59,8
DA:61,4
DA:69,8
DA:71,4
DA:80,8
DA:82,4
DA:91,8
DA:93,4
DA:102,8
DA:104,4
DA:113,8
DA:115,4
DA:120,4
DA:121,4
DA:122,4
DA:123,4
DA:124,4
DA:125,4
DA:126,4
DA:127,4
DA:128,4
DA:129,4
DA:130,4
DA:131,4
DA:133,4
DA:134,8
DA:135,4
DA:138,1
DA:143,1
DA:144,1
DA:145,1
DA:146,0
DA:148,1
DA:149,1
DA:151,3
DA:154,0
DA:156,1
DA:157,1
DA:159,3
DA:162,0
DA:164,1
DA:165,1
DA:167,3
DA:170,0
DA:172,1
DA:173,1
DA:175,3
DA:178,1
DA:179,0
DA:181,0
DA:184,1
DA:185,0
DA:187,0
DA:190,1
DA:191,0
DA:193,0
DA:196,1
DA:197,0
DA:199,0
DA:200,0
DA:205,1
DA:206,0
DA:208,0
DA:209,0
DA:217,4
DA:218,4
DA:219,1
DA:221,0
DA:222,1
DA:223,3
DA:225,2
DA:227,3
DA:229,2
DA:231,3
DA:233,2
DA:235,3
DA:237,2
DA:239,3
DA:241,2
DA:243,3
DA:245,2
DA:247,3
DA:249,2
DA:251,3
DA:253,2
DA:255,3
DA:257,2
DA:259,3
DA:261,2
DA:266,0
DA:268,0
DA:283,1
DA:295,0
DA:297,0
DA:298,0
DA:299,0
DA:300,0
DA:301,0
DA:302,0
DA:303,0
DA:305,0
DA:306,0
DA:308,0
DA:309,0
DA:311,0
DA:312,0
DA:314,0
DA:315,0
DA:317,0
DA:318,0
DA:323,0
DA:324,0
DA:325,0
DA:326,0
DA:327,0
DA:328,0
DA:329,0
DA:331,0
DA:332,0
DA:333,0
DA:335,0
DA:336,0
DA:338,0
DA:339,0
DA:341,0
DA:342,0
DA:344,0
DA:348,0
DA:352,0
DA:353,0
DA:354,0
DA:355,0
DA:356,0
DA:357,0
DA:358,0
DA:359,0
DA:360,0
DA:361,0
DA:362,0
DA:363,0
DA:366,0
DA:368,0
DA:369,0
DA:370,0
DA:371,0
DA:372,0
DA:373,0
DA:374,0
DA:375,0
DA:376,0
DA:377,0
DA:378,0
DA:379,0
DA:383,0
DA:394,0
DA:395,0
DA:396,0
DA:397,0
DA:398,0
DA:399,0
DA:400,0
DA:401,0
DA:402,0
DA:403,0
DA:404,0
DA:405,0
DA:406,0
DA:408,0
DA:409,0
DA:410,0
DA:411,0
DA:412,0
DA:413,0
DA:414,0
DA:415,0
DA:416,0
DA:417,0
DA:418,0
DA:419,0
DA:420,0
DA:421,0
DA:422,0
DA:423,0
DA:427,0
DA:429,0
DA:430,0
DA:431,0
DA:432,0
DA:433,0
DA:434,0
DA:435,0
DA:436,0
DA:437,0
DA:438,0
DA:439,0
DA:440,0
DA:441,0
DA:444,0
DA:445,0
DA:446,0
DA:447,0
DA:448,0
DA:449,0
DA:450,0
DA:451,0
DA:452,0
DA:453,0
DA:454,0
DA:455,0
DA:457,0
DA:460,0
DA:461,0
DA:462,0
DA:463,0
DA:464,0
DA:465,0
DA:466,0
DA:467,0
DA:468,0
DA:469,0
DA:470,0
DA:484,0
DA:496,1
DA:507,1
DA:508,1
DA:509,1
DA:510,0
DA:522,0
DA:523,0
DA:524,0
DA:525,0
DA:526,0
DA:527,0
DA:528,0
DA:529,0
DA:530,0
DA:531,0
DA:532,0
DA:536,0
DA:548,0
DA:549,0
DA:550,0
DA:551,0
DA:552,0
DA:553,0
DA:554,0
DA:555,0
DA:556,0
DA:557,0
DA:558,0
DA:562,1
DA:564,1
DA:565,2
DA:566,0
DA:568,2
DA:569,4
DA:571,2
DA:572,4
DA:574,2
DA:575,4
DA:577,2
DA:578,4
DA:580,2
DA:581,0
DA:583,2
DA:584,0
DA:586,2
DA:587,0
DA:589,2
DA:590,0
DA:592,2
DA:593,0
DA:598,0
DA:600,0
DA:601,0
DA:602,0
DA:603,0
DA:604,0
DA:605,0
DA:606,0
DA:607,0
DA:608,0
DA:609,0
DA:610,0
DA:611,0
DA:612,0
DA:621,4
DA:624,8
DA:626,4
DA:633,8
DA:635,4
DA:637,4
DA:646,8
DA:648,4
DA:657,8
DA:659,4
DA:668,8
DA:670,4
DA:679,8
DA:681,4
DA:691,8
DA:693,4
DA:701,8
DA:703,4
DA:709,4
DA:710,4
DA:711,4
DA:712,4
DA:713,4
DA:714,4
DA:715,4
DA:716,4
DA:717,4
DA:718,4
DA:720,4
DA:721,8
DA:722,4
DA:725,1
DA:730,1
DA:731,1
DA:732,1
DA:733,4
DA:735,0
DA:737,1
DA:738,1
DA:740,3
DA:743,0
DA:745,1
DA:746,0
DA:748,0
DA:751,1
DA:752,0
DA:754,0
DA:757,1
DA:758,0
DA:760,0
DA:761,0
DA:766,1
DA:767,1
DA:769,2
DA:770,1
DA:775,1
DA:776,0
DA:778,0
DA:781,1
DA:782,0
DA:784,0
DA:790,4
DA:791,4
DA:792,1
DA:794,0
DA:795,1
DA:796,3
DA:798,2
DA:800,3
DA:802,2
DA:804,3
DA:806,2
DA:808,3
DA:810,2
DA:812,3
DA:814,2
DA:816,3
DA:818,2
DA:820,3
DA:822,2
DA:824,3
DA:826,2
DA:831,0
DA:833,0
DA:846,1
DA:856,0
DA:858,0
DA:859,0
DA:860,0
DA:861,0
DA:862,0
DA:864,0
DA:865,0
DA:867,0
DA:868,0
DA:870,0
DA:871,0
DA:872,0
DA:874,0
DA:875,0
DA:880,0
DA:881,0
DA:882,0
DA:883,0
DA:884,0
DA:886,0
DA:887,0
DA:889,0
DA:890,0
DA:892,0
DA:893,0
DA:894,0
DA:896,0
DA:897,0
DA:899,0
DA:903,0
DA:907,0
DA:908,0
DA:909,0
DA:910,0
DA:911,0
DA:912,0
DA:913,0
DA:914,0
DA:915,0
DA:916,0
DA:919,0
DA:921,0
DA:922,0
DA:923,0
DA:924,0
DA:925,0
DA:926,0
DA:927,0
DA:928,0
DA:929,0
DA:930,0
DA:934,0
DA:943,0
DA:944,0
DA:945,0
DA:946,0
DA:947,0
DA:948,0
DA:949,0
DA:950,0
DA:951,0
DA:953,0
DA:954,0
DA:955,0
DA:956,0
DA:957,0
DA:958,0
DA:959,0
DA:960,0
DA:961,0
DA:962,0
DA:963,0
DA:964,0
DA:965,0
DA:966,0
DA:970,0
DA:972,0
DA:973,0
DA:974,0
DA:975,0
DA:976,0
DA:977,0
DA:978,0
DA:979,0
DA:980,0
DA:981,0
DA:982,0
DA:985,0
DA:986,0
DA:987,0
DA:988,0
DA:989,0
DA:990,0
DA:991,0
DA:992,0
DA:993,0
DA:994,0
DA:996,0
DA:999,0
DA:1000,0
DA:1001,0
DA:1002,0
DA:1003,0
DA:1004,0
DA:1005,0
DA:1006,0
DA:1007,0
DA:1020,0
DA:1031,1
DA:1041,1
DA:1042,1
DA:1043,0
DA:1054,0
DA:1055,0
DA:1056,0
DA:1057,0
DA:1058,0
DA:1059,0
DA:1060,0
DA:1061,0
DA:1062,0
DA:1063,0
DA:1067,0
DA:1078,0
DA:1079,0
DA:1080,0
DA:1081,0
DA:1082,0
DA:1083,0
DA:1084,0
DA:1085,0
DA:1086,0
DA:1087,0
DA:1091,1
DA:1093,1
DA:1094,2
DA:1095,4
DA:1097,2
DA:1098,4
DA:1100,2
DA:1101,0
DA:1103,2
DA:1104,0
DA:1106,2
DA:1107,0
DA:1109,2
DA:1110,4
DA:1112,2
DA:1113,0
DA:1115,2
DA:1116,0
DA:1118,2
DA:1119,0
DA:1124,0
DA:1126,0
DA:1127,0
DA:1128,0
DA:1129,0
DA:1130,0
DA:1131,0
DA:1132,0
DA:1133,0
DA:1134,0
DA:1135,0
DA:1136,0
DA:1137,0
DA:1146,4
DA:1149,8
DA:1151,4
DA:1158,8
DA:1160,4
DA:1162,4
DA:1171,8
DA:1173,4
DA:1182,8
DA:1184,4
DA:1193,8
DA:1195,4
DA:1205,8
DA:1207,4
DA:1215,8
DA:1217,4
DA:1223,4
DA:1224,4
DA:1225,4
DA:1226,4
DA:1227,4
DA:1228,4
DA:1229,4
DA:1230,4
DA:1231,4
DA:1233,4
DA:1234,8
DA:1235,4
DA:1238,0
DA:1243,0
DA:1244,0
DA:1245,0
DA:1246,0
DA:1248,0
DA:1250,0
DA:1251,0
DA:1253,0
DA:1256,0
DA:1258,0
DA:1259,0
DA:1261,0
DA:1264,0
DA:1265,0
DA:1267,0
DA:1270,0
DA:1271,0
DA:1273,0
DA:1274,0
DA:1279,0
DA:1280,0
DA:1282,0
DA:1285,0
DA:1286,0
DA:1288,0
DA:1294,4
DA:1295,4
DA:1296,0
DA:1298,0
DA:1299,0
DA:1300,0
DA:1302,0
DA:1304,0
DA:1306,0
DA:1308,0
DA:1310,0
DA:1312,0
DA:1314,0
DA:1316,0
DA:1318,0
DA:1320,0
DA:1322,0
DA:1324,0
DA:1326,0
DA:1331,0
DA:1333,0
DA:1345,0
DA:1354,0
DA:1356,0
DA:1357,0
DA:1358,0
DA:1359,0
DA:1360,0
DA:1362,0
DA:1363,0
DA:1365,0
DA:1366,0
DA:1367,0
DA:1371,0
DA:1372,0
DA:1373,0
DA:1374,0
DA:1375,0
DA:1377,0
DA:1378,0
DA:1380,0
DA:1381,0
DA:1382,0
DA:1383,0
DA:1387,0
DA:1391,0
DA:1392,0
DA:1393,0
DA:1394,0
DA:1395,0
DA:1396,0
DA:1397,0
DA:1398,0
DA:1399,0
DA:1402,0
DA:1404,0
DA:1405,0
DA:1406,0
DA:1407,0
DA:1408,0
DA:1409,0
DA:1410,0
DA:1411,0
DA:1412,0
DA:1416,0
DA:1424,0
DA:1425,0
DA:1426,0
DA:1427,0
DA:1428,0
DA:1429,0
DA:1430,0
DA:1431,0
DA:1433,0
DA:1434,0
DA:1435,0
DA:1436,0
DA:1437,0
DA:1438,0
DA:1439,0
DA:1440,0
DA:1441,0
DA:1442,0
DA:1443,0
DA:1447,0
DA:1449,0
DA:1450,0
DA:1451,0
DA:1452,0
DA:1453,0
DA:1454,0
DA:1455,0
DA:1456,0
DA:1457,0
DA:1458,0
DA:1461,0
DA:1463,0
DA:1464,0
DA:1467,0
DA:1468,0
DA:1469,0
DA:1470,0
DA:1471,0
DA:1472,0
DA:1473,0
DA:1474,0
DA:1486,0
DA:1496,0
DA:1505,0
DA:1506,0
DA:1507,0
DA:1517,0
DA:1518,0
DA:1519,0
DA:1520,0
DA:1521,0
DA:1522,0
DA:1523,0
DA:1524,0
DA:1525,0
DA:1529,0
DA:1539,0
DA:1540,0
DA:1541,0
DA:1542,0
DA:1543,0
DA:1544,0
DA:1545,0
DA:1546,0
DA:1547,0
DA:1551,0
DA:1553,0
DA:1554,0
DA:1555,0
DA:1557,0
DA:1558,0
DA:1560,0
DA:1561,0
DA:1563,0
DA:1564,0
DA:1566,0
DA:1567,0
DA:1569,0
DA:1570,0
DA:1572,0
DA:1573,0
DA:1575,0
DA:1576,0
DA:1581,0
DA:1583,0
DA:1584,0
DA:1585,0
DA:1586,0
DA:1587,0
DA:1588,0
DA:1589,0
DA:1590,0
DA:1591,0
DA:1592,0
DA:1593,0
DA:1602,4
DA:1605,8
DA:1607,4
DA:1616,8
DA:1618,4
DA:1625,8
DA:1627,4
DA:1634,8
DA:1636,4
DA:1645,8
DA:1647,4
DA:1654,8
DA:1656,4
DA:1664,8
DA:1666,4
DA:1674,8
DA:1676,4
DA:1685,8
DA:1687,4
DA:1696,8
DA:1698,4
DA:1707,8
DA:1709,4
DA:1718,8
DA:1720,4
DA:1726,4
DA:1727,4
DA:1728,4
DA:1729,4
DA:1730,4
DA:1731,4
DA:1732,4
DA:1733,4
DA:1734,4
DA:1735,4
DA:1736,4
DA:1737,4
DA:1738,4
DA:1739,4
DA:1741,4
DA:1742,8
DA:1743,4
DA:1746,2
DA:1751,2
DA:1752,2
DA:1753,2
DA:1754,8
DA:1756,0
DA:1758,2
DA:1759,2
DA:1761,6
DA:1764,0
DA:1766,2
DA:1767,2
DA:1769,6
DA:1772,0
DA:1774,2
DA:1775,2
DA:1777,6
DA:1780,0
DA:1782,2
DA:1783,2
DA:1785,4
DA:1786,2
DA:1791,0
DA:1793,2
DA:1794,2
DA:1796,6
DA:1799,2
DA:1800,2
DA:1802,6
DA:1805,2
DA:1806,2
DA:1808,6
DA:1811,0
DA:1813,2
DA:1814,1
DA:1816,2
DA:1817,1
DA:1822,2
DA:1823,0
DA:1825,0
DA:1826,0
DA:1831,2
DA:1832,0
DA:1834,0
DA:1837,2
DA:1838,0
DA:1840,0
DA:1846,4
DA:1847,4
DA:1848,2
DA:1850,0
DA:1851,2
DA:1852,6
DA:1854,4
DA:1856,6
DA:1858,4
DA:1860,6
DA:1862,4
DA:1864,6
DA:1866,4
DA:1868,6
DA:1870,4
DA:1872,6
DA:1874,4
DA:1876,6
DA:1878,4
DA:1880,6
DA:1882,4
DA:1884,6
DA:1886,4
DA:1888,6
DA:1890,4
DA:1892,6
DA:1894,4
DA:1896,6
DA:1898,4
DA:1903,0
DA:1905,0
DA:1923,2
DA:1937,0
DA:1939,0
DA:1940,0
DA:1941,0
DA:1942,0
DA:1943,0
DA:1944,0
DA:1945,0
DA:1946,0
DA:1947,0
DA:1948,0
DA:1949,0
DA:1951,0
DA:1952,0
DA:1954,0
DA:1955,0
DA:1957,0
DA:1961,0
DA:1962,0
DA:1963,0
DA:1964,0
DA:1965,0
DA:1966,0
DA:1967,0
DA:1968,0
DA:1969,0
DA:1970,0
DA:1971,0
DA:1973,0
DA:1974,0
DA:1976,0
DA:1977,0
DA:1979,0
DA:1980,0
DA:1984,0
DA:1988,0
DA:1989,0
DA:1990,0
DA:1991,0
DA:1992,0
DA:1993,0
DA:1994,0
DA:1995,0
DA:1996,0
DA:1997,0
DA:1998,0
DA:1999,0
DA:2000,0
DA:2001,0
DA:2004,0
DA:2006,0
DA:2007,0
DA:2008,0
DA:2009,0
DA:2010,0
DA:2011,0
DA:2012,0
DA:2013,0
DA:2014,0
DA:2015,0
DA:2016,0
DA:2017,0
DA:2018,0
DA:2019,0
DA:2023,0
DA:2036,0
DA:2037,0
DA:2038,0
DA:2039,0
DA:2040,0
DA:2041,0
DA:2042,0
DA:2043,0
DA:2044,0
DA:2045,0
DA:2046,0
DA:2047,0
DA:2048,0
DA:2049,0
DA:2050,0
DA:2051,0
DA:2052,0
DA:2054,0
DA:2055,0
DA:2056,0
DA:2057,0
DA:2058,0
DA:2059,0
DA:2060,0
DA:2061,0
DA:2062,0
DA:2063,0
DA:2064,0
DA:2065,0
DA:2066,0
DA:2067,0
DA:2068,0
DA:2069,0
DA:2070,0
DA:2071,0
DA:2072,0
DA:2073,0
DA:2074,0
DA:2075,0
DA:2079,0
DA:2081,0
DA:2082,0
DA:2083,0
DA:2084,0
DA:2085,0
DA:2086,0
DA:2087,0
DA:2088,0
DA:2089,0
DA:2090,0
DA:2091,0
DA:2092,0
DA:2093,0
DA:2094,0
DA:2095,0
DA:2098,0
DA:2099,0
DA:2100,0
DA:2101,0
DA:2102,0
DA:2103,0
DA:2104,0
DA:2105,0
DA:2106,0
DA:2107,0
DA:2108,0
DA:2109,0
DA:2110,0
DA:2111,0
DA:2113,0
DA:2116,0
DA:2117,0
DA:2118,0
DA:2119,0
DA:2120,0
DA:2121,0
DA:2122,0
DA:2123,0
DA:2124,0
DA:2125,0
DA:2126,0
DA:2127,0
DA:2128,0
DA:2145,2
DA:2160,2
DA:2174,2
DA:2175,2
DA:2176,2
DA:2177,2
DA:2178,2
DA:2179,2
DA:2180,0
DA:2195,0
DA:2196,0
DA:2197,0
DA:2198,0
DA:2199,0
DA:2200,0
DA:2201,0
DA:2202,0
DA:2203,0
DA:2204,0
DA:2205,0
DA:2206,0
DA:2207,0
DA:2208,0
DA:2212,2
DA:2227,2
DA:2228,0
DA:2229,2
DA:2230,2
DA:2231,2
DA:2232,2
DA:2233,2
DA:2234,2
DA:2235,2
DA:2236,2
DA:2237,2
DA:2238,2
DA:2239,2
DA:2240,2
DA:2244,2
DA:2246,2
DA:2247,4
DA:2248,8
DA:2250,4
DA:2251,8
DA:2253,4
DA:2254,8
DA:2256,4
DA:2257,8
DA:2259,4
DA:2260,8
DA:2262,4
DA:2263,8
DA:2265,4
DA:2266,8
DA:2268,4
DA:2269,8
DA:2271,4
DA:2272,4
DA:2274,4
DA:2275,0
DA:2277,4
DA:2278,0
DA:2280,4
DA:2281,0
DA:2283,4
DA:2284,0
DA:2289,0
DA:2291,0
DA:2292,0
DA:2293,0
DA:2294,0
DA:2295,0
DA:2296,0
DA:2297,0
DA:2298,0
DA:2299,0
DA:2300,0
DA:2301,0
DA:2302,0
DA:2303,0
DA:2304,0
DA:2305,0
DA:2306,0
DA:2314,4
DA:2317,8
DA:2319,4
DA:2324,4
DA:2332,8
DA:2334,4
DA:2336,4
DA:2347,8
DA:2349,4
DA:2358,8
DA:2360,4
DA:2362,4
DA:2373,8
DA:2375,4
DA:2377,4
DA:2388,8
DA:2390,4
DA:2399,8
DA:2401,4
DA:2410,8
DA:2412,4
DA:2422,8
DA:2424,4
DA:2432,8
DA:2434,4
DA:2442,8
DA:2444,4
DA:2450,4
DA:2451,4
DA:2452,4
DA:2453,4
DA:2454,4
DA:2455,4
DA:2456,4
DA:2457,4
DA:2458,4
DA:2459,4
DA:2460,4
DA:2461,4
DA:2462,4
DA:2464,4
DA:2465,8
DA:2466,4
DA:2469,1
DA:2474,1
DA:2475,1
DA:2476,1
DA:2477,0
DA:2479,1
DA:2480,1
DA:2482,2
DA:2483,1
DA:2488,1
DA:2489,1
DA:2491,3
DA:2494,1
DA:2495,1
DA:2497,2
DA:2498,1
DA:2503,0
DA:2505,1
DA:2506,1
DA:2508,2
DA:2509,1
DA:2514,0
DA:2516,1
DA:2517,0
DA:2519,0
DA:2520,0
DA:2525,1
DA:2526,1
DA:2528,2
DA:2529,1
DA:2534,1
DA:2535,1
DA:2537,2
DA:2538,1
DA:2543,1
DA:2544,1
DA:2546,3
DA:2549,1
DA:2550,1
DA:2552,3
DA:2555,1
DA:2556,1
DA:2558,3
DA:2564,4
DA:2565,4
DA:2566,1
DA:2568,0
DA:2569,1
DA:2570,3
DA:2572,2
DA:2574,3
DA:2576,2
DA:2578,3
DA:2580,2
DA:2582,3
DA:2584,2
DA:2586,3
DA:2588,2
DA:2590,3
DA:2592,2
DA:2594,3
DA:2596,2
DA:2598,3
DA:2600,2
DA:2602,3
DA:2604,2
DA:2606,3
DA:2608,2
DA:2610,3
DA:2612,2
DA:2617,0
DA:2619,0
DA:2635,1
DA:2648,0
DA:2650,0
DA:2651,0
DA:2652,0
DA:2653,0
DA:2655,0
DA:2656,0
DA:2658,0
DA:2659,0
DA:2660,0
DA:2661,0
DA:2663,0
DA:2664,0
DA:2666,0
DA:2667,0
DA:2668,0
DA:2669,0
DA:2673,0
DA:2674,0
DA:2675,0
DA:2676,0
DA:2678,0
DA:2679,0
DA:2681,0
DA:2682,0
DA:2683,0
DA:2684,0
DA:2686,0
DA:2687,0
DA:2689,0
DA:2690,0
DA:2691,0
DA:2692,0
DA:2693,0
DA:2697,0
DA:2701,0
DA:2702,0
DA:2703,0
DA:2704,0
DA:2705,0
DA:2706,0
DA:2707,0
DA:2708,0
DA:2709,0
DA:2710,0
DA:2711,0
DA:2712,0
DA:2713,0
DA:2716,0
DA:2718,0
DA:2719,0
DA:2720,0
DA:2721,0
DA:2722,0
DA:2723,0
DA:2724,0
DA:2725,0
DA:2726,0
DA:2727,0
DA:2728,0
DA:2729,0
DA:2730,0
DA:2734,0
DA:2746,0
DA:2747,0
DA:2748,0
DA:2749,0
DA:2750,0
DA:2751,0
DA:2752,0
DA:2753,0
DA:2754,0
DA:2755,0
DA:2756,0
DA:2757,0
DA:2758,0
DA:2759,0
DA:2760,0
DA:2761,0
DA:2762,0
DA:2763,0
DA:2765,0
DA:2766,0
DA:2767,0
DA:2768,0
DA:2769,0
DA:2770,0
DA:2771,0
DA:2772,0
DA:2773,0
DA:2774,0
DA:2775,0
DA:2776,0
DA:2777,0
DA:2778,0
DA:2779,0
DA:2780,0
DA:2781,0
DA:2782,0
DA:2783,0
DA:2784,0
DA:2785,0
DA:2786,0
DA:2787,0
DA:2788,0
DA:2789,0
DA:2790,0
DA:2791,0
DA:2792,0
DA:2793,0
DA:2797,0
DA:2799,0
DA:2800,0
DA:2801,0
DA:2802,0
DA:2803,0
DA:2804,0
DA:2805,0
DA:2806,0
DA:2807,0
DA:2808,0
DA:2809,0
DA:2810,0
DA:2811,0
DA:2812,0
DA:2815,0
DA:2816,0
DA:2817,0
DA:2818,0
DA:2819,0
DA:2820,0
DA:2821,0
DA:2822,0
DA:2823,0
DA:2824,0
DA:2825,0
DA:2826,0
DA:2827,0
DA:2829,0
DA:2832,0
DA:2833,0
DA:2834,0
DA:2835,0
DA:2836,0
DA:2837,0
DA:2838,0
DA:2839,0
DA:2840,0
DA:2841,0
DA:2842,0
DA:2843,0
DA:2858,0
DA:2871,1
DA:2883,1
DA:2884,1
DA:2885,0
DA:2898,0
DA:2899,0
DA:2900,0
DA:2901,0
DA:2902,0
DA:2903,0
DA:2904,0
DA:2905,0
DA:2906,0
DA:2907,0
DA:2908,0
DA:2909,0
DA:2913,0
DA:2926,0
DA:2927,0
DA:2928,0
DA:2929,0
DA:2930,0
DA:2931,0
DA:2932,0
DA:2933,0
DA:2934,0
DA:2935,0
DA:2936,0
DA:2937,0
DA:2941,1
DA:2943,1
DA:2944,2
DA:2945,0
DA:2947,2
DA:2948,4
DA:2950,2
DA:2951,4
DA:2953,2
DA:2954,4
DA:2956,2
DA:2957,4
DA:2959,2
DA:2960,0
DA:2962,2
DA:2963,4
DA:2965,2
DA:2966,4
DA:2968,2
DA:2969,4
DA:2971,2
DA:2972,4
DA:2974,2
DA:2975,4
DA:2980,0
DA:2982,0
DA:2983,0
DA:2984,0
DA:2985,0
DA:2986,0
DA:2987,0
DA:2988,0
DA:2989,0
DA:2990,0
DA:2991,0
DA:2992,0
DA:2993,0
DA:2994,0
DA:2995,0
DA:3004,4
DA:3007,8
DA:3009,4
DA:3014,4
DA:3022,8
DA:3024,4
DA:3028,4
DA:3036,8
DA:3038,4
DA:3042,4
DA:3050,8
DA:3052,4
DA:3060,8
DA:3062,4
DA:3069,8
DA:3071,4
DA:3076,4
DA:3077,4
DA:3078,4
DA:3079,4
DA:3080,4
DA:3081,4
DA:3082,4
DA:3083,4
DA:3085,4
DA:3086,8
DA:3087,4
DA:3090,0
DA:3095,0
DA:3096,0
DA:3097,0
DA:3098,0
DA:3100,0
DA:3101,0
DA:3103,0
DA:3106,0
DA:3108,0
DA:3109,0
DA:3111,0
DA:3114,0
DA:3116,0
DA:3117,0
DA:3119,0
DA:3122,0
DA:3123,0
DA:3125,0
DA:3128,0
DA:3129,0
DA:3131,0
DA:3134,0
DA:3139,4
DA:3140,4
DA:3141,0
DA:3143,0
DA:3144,0
DA:3145,0
DA:3147,0
DA:3149,0
DA:3151,0
DA:3153,0
DA:3155,0
DA:3157,0
DA:3159,0
DA:3161,0
DA:3163,0
DA:3165,0
DA:3167,0
DA:3172,0
DA:3174,0
DA:3185,0
DA:3193,0
DA:3195,0
DA:3196,0
DA:3197,0
DA:3198,0
DA:3199,0
DA:3200,0
DA:3201,0
DA:3203,0
DA:3207,0
DA:3208,0
DA:3209,0
DA:3210,0
DA:3211,0
DA:3212,0
DA:3213,0
DA:3214,0
DA:3218,0
DA:3222,0
DA:3223,0
DA:3224,0
DA:3225,0
DA:3226,0
DA:3227,0
DA:3228,0
DA:3229,0
DA:3232,0
DA:3234,0
DA:3235,0
DA:3236,0
DA:3237,0
DA:3238,0
DA:3239,0
DA:3240,0
DA:3241,0
DA:3245,0
DA:3252,0
DA:3253,0
DA:3254,0
DA:3255,0
DA:3256,0
DA:3257,0
DA:3258,0
DA:3260,0
DA:3261,0
DA:3262,0
DA:3263,0
DA:3264,0
DA:3265,0
DA:3266,0
DA:3267,0
DA:3271,0
DA:3273,0
DA:3274,0
DA:3275,0
DA:3276,0
DA:3277,0
DA:3278,0
DA:3279,0
DA:3280,0
DA:3281,0
DA:3284,0
DA:3286,0
DA:3287,0
DA:3290,0
DA:3291,0
DA:3292,0
DA:3293,0
DA:3294,0
DA:3295,0
DA:3296,0
DA:3306,0
DA:3314,0
DA:3321,0
DA:3322,0
DA:3323,0
DA:3324,0
DA:3332,0
DA:3333,0
DA:3334,0
DA:3335,0
DA:3336,0
DA:3337,0
DA:3338,0
DA:3342,0
DA:3350,0
DA:3351,0
DA:3352,0
DA:3353,0
DA:3354,0
DA:3355,0
DA:3356,0
DA:3360,0
DA:3362,0
DA:3363,0
DA:3364,0
DA:3366,0
DA:3367,0
DA:3369,0
DA:3370,0
DA:3372,0
DA:3373,0
DA:3375,0
DA:3376,0
DA:3378,0
DA:3379,0
DA:3384,0
DA:3386,0
DA:3387,0
DA:3388,0
DA:3389,0
DA:3390,0
DA:3391,0
DA:3392,0
DA:3393,0
DA:3394,0
DA:3402,4
DA:3405,8
DA:3407,4
DA:3416,8
DA:3418,4
DA:3420,4
DA:3429,8
DA:3431,4
DA:3438,8
DA:3440,4
DA:3450,8
DA:3452,4
DA:3454,4
DA:3465,8
DA:3467,4
DA:3477,8
DA:3479,4
DA:3488,8
DA:3490,4
DA:3497,8
DA:3499,4
DA:3508,8
DA:3510,4
DA:3516,4
DA:3517,4
DA:3518,4
DA:3519,4
DA:3520,4
DA:3521,4
DA:3522,4
DA:3523,4
DA:3524,4
DA:3525,4
DA:3526,4
DA:3527,4
DA:3529,4
DA:3530,8
DA:3531,4
DA:3534,0
DA:3539,0
DA:3540,0
DA:3541,0
DA:3542,0
DA:3544,0
DA:3546,0
DA:3547,0
DA:3549,0
DA:3550,0
DA:3555,0
DA:3557,0
DA:3558,0
DA:3560,0
DA:3563,0
DA:3565,0
DA:3566,0
DA:3568,0
DA:3571,0
DA:3572,0
DA:3574,0
DA:3577,0
DA:3579,0
DA:3580,0
DA:3582,0
DA:3583,0
DA:3588,0
DA:3589,0
DA:3591,0
DA:3592,0
DA:3597,0
DA:3598,0
DA:3600,0
DA:3603,0
DA:3604,0
DA:3606,0
DA:3609,0
DA:3610,0
DA:3612,0
DA:3618,4
DA:3619,4
DA:3620,0
DA:3622,0
DA:3623,0
DA:3624,0
DA:3626,0
DA:3628,0
DA:3630,0
DA:3632,0
DA:3634,0
DA:3636,0
DA:3638,0
DA:3640,0
DA:3642,0
DA:3644,0
DA:3646,0
DA:3648,0
DA:3650,0
DA:3652,0
DA:3654,0
DA:3656,0
DA:3658,0
DA:3660,0
DA:3662,0
DA:3667,0
DA:3669,0
DA:3684,0
DA:3696,0
DA:3698,0
DA:3699,0
DA:3700,0
DA:3701,0
DA:3702,0
DA:3703,0
DA:3704,0
DA:3705,0
DA:3706,0
DA:3708,0
DA:3709,0
DA:3711,0
DA:3712,0
DA:3714,0
DA:3718,0
DA:3719,0
DA:3720,0
DA:3721,0
DA:3722,0
DA:3723,0
DA:3724,0
DA:3725,0
DA:3726,0
DA:3728,0
DA:3729,0
DA:3731,0
DA:3732,0
DA:3734,0
DA:3735,0
DA:3739,0
DA:3743,0
DA:3744,0
DA:3745,0
DA:3746,0
DA:3747,0
DA:3748,0
DA:3749,0
DA:3750,0
DA:3751,0
DA:3752,0
DA:3753,0
DA:3754,0
DA:3757,0
DA:3759,0
DA:3760,0
DA:3761,0
DA:3762,0
DA:3763,0
DA:3764,0
DA:3765,0
DA:3766,0
DA:3767,0
DA:3768,0
DA:3769,0
DA:3770,0
DA:3774,0
DA:3785,0
DA:3786,0
DA:3787,0
DA:3788,0
DA:3789,0
DA:3790,0
DA:3791,0
DA:3792,0
DA:3793,0
DA:3794,0
DA:3795,0
DA:3796,0
DA:3797,0
DA:3799,0
DA:3800,0
DA:3801,0
DA:3802,0
DA:3803,0
DA:3804,0
DA:3805,0
DA:3806,0
DA:3807,0
DA:3808,0
DA:3809,0
DA:3810,0
DA:3811,0
DA:3812,0
DA:3813,0
DA:3814,0
DA:3815,0
DA:3816,0
DA:3817,0
DA:3818,0
DA:3822,0
DA:3824,0
DA:3825,0
DA:3826,0
DA:3827,0
DA:3828,0
DA:3829,0
DA:3830,0
DA:3831,0
DA:3832,0
DA:3833,0
DA:3834,0
DA:3835,0
DA:3836,0
DA:3839,0
DA:3840,0
DA:3841,0
DA:3842,0
DA:3843,0
DA:3844,0
DA:3845,0
DA:3846,0
DA:3847,0
DA:3848,0
DA:3849,0
DA:3850,0
DA:3852,0
DA:3855,0
DA:3856,0
DA:3857,0
DA:3858,0
DA:3859,0
DA:3860,0
DA:3861,0
DA:3862,0
DA:3863,0
DA:3864,0
DA:3865,0
DA:3880,0
DA:3893,0
DA:3905,0
DA:3906,0
DA:3907,0
DA:3908,0
DA:3909,0
DA:3922,0
DA:3923,0
DA:3924,0
DA:3925,0
DA:3926,0
DA:3927,0
DA:3928,0
DA:3929,0
DA:3930,0
DA:3931,0
DA:3932,0
DA:3933,0
DA:3937,0
DA:3950,0
DA:3951,0
DA:3952,0
DA:3953,0
DA:3954,0
DA:3955,0
DA:3956,0
DA:3957,0
DA:3958,0
DA:3959,0
DA:3960,0
DA:3961,0
DA:3965,0
DA:3967,0
DA:3968,0
DA:3969,0
DA:3971,0
DA:3972,0
DA:3974,0
DA:3975,0
DA:3977,0
DA:3978,0
DA:3980,0
DA:3981,0
DA:3983,0
DA:3984,0
DA:3986,0
DA:3987,0
DA:3989,0
DA:3990,0
DA:3992,0
DA:3993,0
DA:3995,0
DA:3996,0
DA:3998,0
DA:3999,0
DA:4004,0
DA:4006,0
DA:4007,0
DA:4008,0
DA:4009,0
DA:4010,0
DA:4011,0
DA:4012,0
DA:4013,0
DA:4014,0
DA:4015,0
DA:4016,0
DA:4017,0
DA:4018,0
DA:4019,0
DA:4027,4
DA:4030,8
DA:4032,4
DA:4037,4
DA:4043,8
DA:4045,4
DA:4052,8
DA:4054,4
DA:4058,4
DA:4067,8
DA:4069,4
DA:4079,8
DA:4081,4
DA:4088,8
DA:4090,4
DA:4099,8
DA:4101,4
DA:4111,8
DA:4113,4
DA:4118,4
DA:4119,4
DA:4120,4
DA:4121,4
DA:4122,4
DA:4123,4
DA:4124,4
DA:4125,4
DA:4126,4
DA:4127,4
DA:4129,4
DA:4130,8
DA:4131,4
DA:4134,0
DA:4139,0
DA:4140,0
DA:4141,0
DA:4142,0
DA:4144,0
DA:4145,0
DA:4147,0
DA:4150,0
DA:4152,0
DA:4153,0
DA:4155,0
DA:4158,0
DA:4159,0
DA:4161,0
DA:4162,0
DA:4167,0
DA:4168,0
DA:4170,0
DA:4171,0
DA:4176,0
DA:4177,0
DA:4179,0
DA:4182,0
DA:4183,0
DA:4185,0
DA:4188,0
DA:4189,0
DA:4191,0
DA:4197,4
DA:4198,4
DA:4199,0
DA:4201,0
DA:4202,0
DA:4203,0
DA:4205,0
DA:4207,0
DA:4209,0
DA:4211,0
DA:4213,0
DA:4215,0
DA:4217,0
DA:4219,0
DA:4221,0
DA:4223,0
DA:4225,0
DA:4227,0
DA:4229,0
DA:4231,0
DA:4233,0
DA:4238,0
DA:4240,0
DA:4253,0
DA:4263,0
DA:4265,0
DA:4266,0
DA:4267,0
DA:4268,0
DA:4269,0
DA:4270,0
DA:4271,0
DA:4273,0
DA:4274,0
DA:4276,0
DA:4277,0
DA:4278,0
DA:4283,0
DA:4284,0
DA:4285,0
DA:4286,0
DA:4287,0
DA:4288,0
DA:4289,0
DA:4291,0
DA:4292,0
DA:4294,0
DA:4295,0
DA:4296,0
DA:4298,0
DA:4302,0
DA:4306,0
DA:4307,0
DA:4308,0
DA:4309,0
DA:4310,0
DA:4311,0
DA:4312,0
DA:4313,0
DA:4314,0
DA:4315,0
DA:4318,0
DA:4320,0
DA:4321,0
DA:4322,0
DA:4323,0
DA:4324,0
DA:4325,0
DA:4326,0
DA:4327,0
DA:4328,0
DA:4329,0
DA:4333,0
DA:4342,0
DA:4343,0
DA:4344,0
DA:4345,0
DA:4346,0
DA:4347,0
DA:4348,0
DA:4349,0
DA:4350,0
DA:4351,0
DA:4352,0
DA:4354,0
DA:4355,0
DA:4356,0
DA:4357,0
DA:4358,0
DA:4359,0
DA:4360,0
DA:4361,0
DA:4362,0
DA:4363,0
DA:4364,0
DA:4365,0
DA:4366,0
DA:4367,0
DA:4371,0
DA:4373,0
DA:4374,0
DA:4375,0
DA:4376,0
DA:4377,0
DA:4378,0
DA:4379,0
DA:4380,0
DA:4381,0
DA:4382,0
DA:4383,0
DA:4386,0
DA:4387,0
DA:4388,0
DA:4389,0
DA:4390,0
DA:4391,0
DA:4392,0
DA:4393,0
DA:4394,0
DA:4395,0
DA:4397,0
DA:4400,0
DA:4401,0
DA:4402,0
DA:4403,0
DA:4404,0
DA:4405,0
DA:4406,0
DA:4407,0
DA:4408,0
DA:4420,0
DA:4430,0
DA:4439,0
DA:4440,0
DA:4450,0
DA:4451,0
DA:4452,0
DA:4453,0
DA:4454,0
DA:4455,0
DA:4456,0
DA:4457,0
DA:4458,0
DA:4462,0
DA:4472,0
DA:4473,0
DA:4474,0
DA:4475,0
DA:4476,0
DA:4477,0
DA:4478,0
DA:4479,0
DA:4480,0
DA:4484,0
DA:4486,0
DA:4487,0
DA:4488,0
DA:4490,0
DA:4491,0
DA:4493,0
DA:4494,0
DA:4496,0
DA:4497,0
DA:4499,0
DA:4500,0
DA:4502,0
DA:4503,0
DA:4505,0
DA:4506,0
DA:4508,0
DA:4509,0
DA:4514,0
DA:4516,0
DA:4517,0
DA:4518,0
DA:4519,0
DA:4520,0
DA:4521,0
DA:4522,0
DA:4523,0
DA:4524,0
DA:4525,0
DA:4526,0
DA:4535,4
DA:4538,8
DA:4540,4
DA:4549,8
DA:4551,4
DA:4560,8
DA:4562,4
DA:4571,8
DA:4573,4
DA:4582,8
DA:4584,4
DA:4593,8
DA:4595,4
DA:4605,8
DA:4607,4
DA:4615,8
DA:4617,4
DA:4627,8
DA:4629,4
DA:4638,8
DA:4640,4
DA:4647,8
DA:4649,4
DA:4658,8
DA:4660,4
DA:4669,8
DA:4671,4
DA:4675,4
DA:4680,4
DA:4681,4
DA:4682,4
DA:4683,4
DA:4684,4
DA:4685,4
DA:4686,4
DA:4687,4
DA:4688,4
DA:4689,4
DA:4690,4
DA:4691,4
DA:4692,4
DA:4693,4
DA:4694,4
DA:4696,4
DA:4697,8
DA:4698,4
DA:4701,0
DA:4706,0
DA:4707,0
DA:4708,0
DA:4709,0
DA:4711,0
DA:4713,0
DA:4714,0
DA:4716,0
DA:4719,0
DA:4720,0
DA:4722,0
DA:4723,0
DA:4728,0
DA:4730,0
DA:4731,0
DA:4733,0
DA:4734,0
DA:4739,0
DA:4741,0
DA:4742,0
DA:4744,0
DA:4745,0
DA:4750,0
DA:4752,0
DA:4753,0
DA:4755,0
DA:4758,0
DA:4759,0
DA:4761,0
DA:4762,0
DA:4767,0
DA:4768,0
DA:4770,0
DA:4773,0
DA:4774,0
DA:4776,0
DA:4777,0
DA:4782,0
DA:4784,0
DA:4785,0
DA:4787,0
DA:4790,0
DA:4792,0
DA:4793,0
DA:4795,0
DA:4798,0
DA:4799,0
DA:4801,0
DA:4804,0
DA:4805,0
DA:4807,0
DA:4813,4
DA:4815,0
DA:4817,0
DA:4818,0
DA:4819,0
DA:4821,0
DA:4823,0
DA:4825,0
DA:4827,0
DA:4829,0
DA:4831,0
DA:4833,0
DA:4835,0
DA:4837,0
DA:4839,0
DA:4841,0
DA:4843,0
DA:4845,0
DA:4847,0
DA:4849,0
DA:4851,0
DA:4853,0
DA:4855,0
DA:4857,0
DA:4859,0
DA:4861,0
DA:4863,0
DA:4865,0
DA:4867,0
DA:4869,0
DA:4874,0
DA:4876,0
DA:4894,0
DA:4909,0
DA:4911,0
DA:4912,0
DA:4913,0
DA:4914,0
DA:4916,0
DA:4917,0
DA:4918,0
DA:4919,0
DA:4920,0
DA:4921,0
DA:4922,0
DA:4923,0
DA:4924,0
DA:4925,0
DA:4927,0
DA:4928,0
DA:4930,0
DA:4934,0
DA:4935,0
DA:4936,0
DA:4937,0
DA:4939,0
DA:4940,0
DA:4941,0
DA:4942,0
DA:4943,0
DA:4944,0
DA:4945,0
DA:4946,0
DA:4947,0
DA:4948,0
DA:4950,0
DA:4951,0
DA:4953,0
DA:4954,0
DA:4958,0
DA:4962,0
DA:4963,0
DA:4964,0
DA:4965,0
DA:4966,0
DA:4967,0
DA:4968,0
DA:4969,0
DA:4970,0
DA:4971,0
DA:4972,0
DA:4973,0
DA:4974,0
DA:4975,0
DA:4976,0
DA:4979,0
DA:4981,0
DA:4982,0
DA:4983,0
DA:4984,0
DA:4985,0
DA:4986,0
DA:4987,0
DA:4988,0
DA:4989,0
DA:4990,0
DA:4991,0
DA:4992,0
DA:4993,0
DA:4994,0
DA:4995,0
DA:4999,0
DA:5013,0
DA:5014,0
DA:5015,0
DA:5016,0
DA:5017,0
DA:5018,0
DA:5019,0
DA:5020,0
DA:5021,0
DA:5022,0
DA:5023,0
DA:5024,0
DA:5025,0
DA:5026,0
DA:5028,0
DA:5029,0
DA:5030,0
DA:5031,0
DA:5032,0
DA:5033,0
DA:5034,0
DA:5035,0
DA:5036,0
DA:5037,0
DA:5038,0
DA:5039,0
DA:5040,0
DA:5041,0
DA:5042,0
DA:5043,0
DA:5044,0
DA:5045,0
DA:5046,0
DA:5047,0
DA:5048,0
DA:5049,0
DA:5050,0
DA:5051,0
DA:5052,0
DA:5053,0
DA:5054,0
DA:5055,0
DA:5056,0
DA:5060,0
DA:5062,0
DA:5063,0
DA:5064,0
DA:5065,0
DA:5066,0
DA:5067,0
DA:5068,0
DA:5069,0
DA:5070,0
DA:5071,0
DA:5072,0
DA:5073,0
DA:5074,0
DA:5075,0
DA:5076,0
DA:5077,0
DA:5080,0
DA:5081,0
DA:5082,0
DA:5083,0
DA:5084,0
DA:5085,0
DA:5086,0
DA:5087,0
DA:5088,0
DA:5089,0
DA:5090,0
DA:5091,0
DA:5092,0
DA:5093,0
DA:5094,0
DA:5096,0
DA:5099,0
DA:5100,0
DA:5101,0
DA:5102,0
DA:5103,0
DA:5104,0
DA:5105,0
DA:5106,0
DA:5107,0
DA:5108,0
DA:5109,0
DA:5110,0
DA:5111,0
DA:5112,0
DA:5130,0
DA:5146,0
DA:5161,0
DA:5162,0
DA:5163,0
DA:5164,0
DA:5165,0
DA:5166,0
DA:5167,0
DA:5183,0
DA:5184,0
DA:5185,0
DA:5186,0
DA:5187,0
DA:5188,0
DA:5189,0
DA:5190,0
DA:5191,0
DA:5192,0
DA:5193,0
DA:5194,0
DA:5195,0
DA:5196,0
DA:5197,0
DA:5201,0
DA:5217,0
DA:5218,0
DA:5219,0
DA:5220,0
DA:5221,0
DA:5222,0
DA:5223,0
DA:5224,0
DA:5225,0
DA:5226,0
DA:5227,0
DA:5228,0
DA:5229,0
DA:5230,0
DA:5231,0
DA:5235,0
DA:5237,0
DA:5238,0
DA:5239,0
DA:5241,0
DA:5242,0
DA:5244,0
DA:5245,0
DA:5247,0
DA:5248,0
DA:5250,0
DA:5251,0
DA:5253,0
DA:5254,0
DA:5256,0
DA:5257,0
DA:5259,0
DA:5260,0
DA:5262,0
DA:5263,0
DA:5265,0
DA:5266,0
DA:5268,0
DA:5269,0
DA:5271,0
DA:5272,0
DA:5274,0
DA:5275,0
DA:5277,0
DA:5278,0
DA:5283,0
DA:5285,0
DA:5286,0
DA:5287,0
DA:5288,0
DA:5289,0
DA:5290,0
DA:5291,0
DA:5292,0
DA:5293,0
DA:5294,0
DA:5295,0
DA:5296,0
DA:5297,0
DA:5298,0
DA:5299,0
DA:5300,0
DA:5301,0
DA:5310,4
DA:5313,8
DA:5315,4
DA:5324,8
DA:5326,4
DA:5335,8
DA:5337,4
DA:5346,8
DA:5348,4
DA:5357,8
DA:5359,4
DA:5368,8
DA:5370,4
DA:5377,8
DA:5379,4
DA:5388,8
DA:5390,4
DA:5399,8
DA:5401,4
DA:5410,8
DA:5412,4
DA:5420,8
DA:5422,4
DA:5432,8
DA:5434,4
DA:5443,8
DA:5445,4
DA:5454,8
DA:5456,4
DA:5461,4
DA:5462,4
DA:5463,4
DA:5464,4
DA:5465,4
DA:5466,4
DA:5467,4
DA:5468,4
DA:5469,4
DA:5470,4
DA:5471,4
DA:5472,4
DA:5473,4
DA:5474,4
DA:5475,4
DA:5476,4
DA:5478,4
DA:5479,8
DA:5480,4
DA:5483,0
DA:5488,0
DA:5489,0
DA:5490,0
DA:5491,0
DA:5493,0
DA:5495,0
DA:5496,0
DA:5498,0
DA:5501,0
DA:5503,0
DA:5504,0
DA:5506,0
DA:5509,0
DA:5511,0
DA:5512,0
DA:5514,0
DA:5517,0
DA:5519,0
DA:5520,0
DA:5522,0
DA:5525,0
DA:5527,0
DA:5528,0
DA:5530,0
DA:5533,0
DA:5535,0
DA:5536,0
DA:5538,0
DA:5541,0
DA:5543,0
DA:5544,0
DA:5546,0
DA:5547,0
DA:5552,0
DA:5553,0
DA:5555,0
DA:5556,0
DA:5561,0
DA:5562,0
DA:5564,0
DA:5567,0
DA:5568,0
DA:5570,0
DA:5573,0
DA:5574,0
DA:5576,0
DA:5579,0
DA:5581,0
DA:5582,0
DA:5584,0
DA:5585,0
DA:5590,0
DA:5591,0
DA:5593,0
DA:5599,4
DA:5601,0
DA:5603,0
DA:5604,0
DA:5605,0
DA:5607,0
DA:5609,0
DA:5611,0
DA:5613,0
DA:5615,0
DA:5617,0
DA:5619,0
DA:5621,0
DA:5623,0
DA:5625,0
DA:5627,0
DA:5629,0
DA:5631,0
DA:5633,0
DA:5635,0
DA:5637,0
DA:5639,0
DA:5641,0
DA:5643,0
DA:5645,0
DA:5647,0
DA:5649,0
DA:5651,0
DA:5653,0
DA:5655,0
DA:5657,0
DA:5659,0
DA:5664,0
DA:5666,0
DA:5685,0
DA:5701,0
DA:5703,0
DA:5704,0
DA:5705,0
DA:5706,0
DA:5707,0
DA:5708,0
DA:5709,0
DA:5710,0
DA:5711,0
DA:5712,0
DA:5714,0
DA:5715,0
DA:5717,0
DA:5718,0
DA:5719,0
DA:5720,0
DA:5721,0
DA:5723,0
DA:5724,0
DA:5729,0
DA:5730,0
DA:5731,0
DA:5732,0
DA:5733,0
DA:5734,0
DA:5735,0
DA:5736,0
DA:5737,0
DA:5738,0
DA:5740,0
DA:5741,0
DA:5743,0
DA:5744,0
DA:5745,0
DA:5746,0
DA:5747,0
DA:5749,0
DA:5750,0
DA:5752,0
DA:5756,0
DA:5760,0
DA:5761,0
DA:5762,0
DA:5763,0
DA:5764,0
DA:5765,0
DA:5766,0
DA:5767,0
DA:5768,0
DA:5769,0
DA:5770,0
DA:5771,0
DA:5772,0
DA:5773,0
DA:5774,0
DA:5775,0
DA:5778,0
DA:5780,0
DA:5781,0
DA:5782,0
DA:5783,0
DA:5784,0
DA:5785,0
DA:5786,0
DA:5787,0
DA:5788,0
DA:5789,0
DA:5790,0
DA:5791,0
DA:5792,0
DA:5793,0
DA:5794,0
DA:5795,0
DA:5799,0
DA:5814,0
DA:5815,0
DA:5816,0
DA:5817,0
DA:5818,0
DA:5819,0
DA:5820,0
DA:5821,0
DA:5822,0
DA:5823,0
DA:5824,0
DA:5825,0
DA:5826,0
DA:5827,0
DA:5828,0
DA:5829,0
DA:5830,0
DA:5831,0
DA:5832,0
DA:5834,0
DA:5835,0
DA:5836,0
DA:5837,0
DA:5838,0
DA:5839,0
DA:5840,0
DA:5841,0
DA:5842,0
DA:5843,0
DA:5844,0
DA:5845,0
DA:5846,0
DA:5847,0
DA:5848,0
DA:5849,0
DA:5850,0
DA:5851,0
DA:5852,0
DA:5853,0
DA:5854,0
DA:5855,0
DA:5856,0
DA:5857,0
DA:5858,0
DA:5859,0
DA:5863,0
DA:5865,0
DA:5866,0
DA:5867,0
DA:5868,0
DA:5869,0
DA:5870,0
DA:5871,0
DA:5872,0
DA:5873,0
DA:5874,0
DA:5875,0
DA:5876,0
DA:5877,0
DA:5878,0
DA:5879,0
DA:5880,0
DA:5881,0
DA:5884,0
DA:5885,0
DA:5886,0
DA:5887,0
DA:5888,0
DA:5889,0
DA:5890,0
DA:5891,0
DA:5892,0
DA:5893,0
DA:5894,0
DA:5895,0
DA:5896,0
DA:5897,0
DA:5898,0
DA:5899,0
DA:5901,0
DA:5904,0
DA:5905,0
DA:5906,0
DA:5907,0
DA:5908,0
DA:5909,0
DA:5910,0
DA:5911,0
DA:5912,0
DA:5913,0
DA:5914,0
DA:5915,0
DA:5916,0
DA:5917,0
DA:5918,0
DA:5937,0
DA:5954,0
DA:5970,0
DA:5971,0
DA:5972,0
DA:5973,0
DA:5974,0
DA:5975,0
DA:5976,0
DA:5977,0
DA:5978,0
DA:5995,0
DA:5996,0
DA:5997,0
DA:5998,0
DA:5999,0
DA:6000,0
DA:6001,0
DA:6002,0
DA:6003,0
DA:6004,0
DA:6005,0
DA:6006,0
DA:6007,0
DA:6008,0
DA:6009,0
DA:6010,0
DA:6014,0
DA:6031,0
DA:6032,0
DA:6033,0
DA:6034,0
DA:6035,0
DA:6036,0
DA:6037,0
DA:6038,0
DA:6039,0
DA:6040,0
DA:6041,0
DA:6042,0
DA:6043,0
DA:6044,0
DA:6045,0
DA:6046,0
DA:6050,0
DA:6052,0
DA:6053,0
DA:6054,0
DA:6056,0
DA:6057,0
DA:6059,0
DA:6060,0
DA:6062,0
DA:6063,0
DA:6065,0
DA:6066,0
DA:6068,0
DA:6069,0
DA:6071,0
DA:6072,0
DA:6074,0
DA:6075,0
DA:6077,0
DA:6078,0
DA:6080,0
DA:6081,0
DA:6083,0
DA:6084,0
DA:6086,0
DA:6087,0
DA:6089,0
DA:6090,0
DA:6092,0
DA:6093,0
DA:6095,0
DA:6096,0
DA:6101,0
DA:6103,0
DA:6104,0
DA:6105,0
DA:6106,0
DA:6107,0
DA:6108,0
DA:6109,0
DA:6110,0
DA:6111,0
DA:6112,0
DA:6113,0
DA:6114,0
DA:6115,0
DA:6116,0
DA:6117,0
DA:6118,0
DA:6119,0
DA:6120,0
DA:6129,4
DA:6132,8
DA:6134,4
DA:6139,4
DA:6145,8
DA:6147,4
DA:6151,4
DA:6157,8
DA:6159,4
DA:6168,8
DA:6170,4
DA:6179,8
DA:6181,4
DA:6183,4
DA:6190,4
DA:6191,4
DA:6192,4
DA:6193,4
DA:6194,4
DA:6195,4
DA:6196,4
DA:6198,4
DA:6199,8
DA:6200,4
DA:6203,0
DA:6208,0
DA:6209,0
DA:6210,0
DA:6211,0
DA:6213,0
DA:6214,0
DA:6216,0
DA:6219,0
DA:6221,0
DA:6222,0
DA:6224,0
DA:6227,0
DA:6229,0
DA:6230,0
DA:6232,0
DA:6233,0
DA:6238,0
DA:6240,0
DA:6241,0
DA:6243,0
DA:6244,0
DA:6249,0
DA:6254,4
DA:6255,4
DA:6256,0
DA:6258,0
DA:6259,0
DA:6260,0
DA:6262,0
DA:6264,0
DA:6266,0
DA:6268,0
DA:6270,0
DA:6272,0
DA:6274,0
DA:6276,0
DA:6278,0
DA:6283,0
DA:6285,0
DA:6295,0
DA:6302,0
DA:6304,0
DA:6305,0
DA:6306,0
DA:6307,0
DA:6308,0
DA:6309,0
DA:6313,0
DA:6314,0
DA:6315,0
DA:6316,0
DA:6317,0
DA:6318,0
DA:6319,0
DA:6323,0
DA:6327,0
DA:6328,0
DA:6329,0
DA:6330,0
DA:6331,0
DA:6332,0
DA:6333,0
DA:6336,0
DA:6338,0
DA:6339,0
DA:6340,0
DA:6341,0
DA:6342,0
DA:6343,0
DA:6344,0
DA:6348,0
DA:6354,0
DA:6355,0
DA:6356,0
DA:6357,0
DA:6358,0
DA:6359,0
DA:6361,0
DA:6362,0
DA:6363,0
DA:6364,0
DA:6365,0
DA:6366,0
DA:6367,0
DA:6368,0
DA:6369,0
DA:6370,0
DA:6371,0
DA:6375,0
DA:6377,0
DA:6378,0
DA:6379,0
DA:6380,0
DA:6381,0
DA:6382,0
DA:6383,0
DA:6384,0
DA:6387,0
DA:6389,0
DA:6390,0
DA:6393,0
DA:6394,0
DA:6395,0
DA:6396,0
DA:6397,0
DA:6398,0
DA:6407,0
DA:6414,0
DA:6420,0
DA:6421,0
DA:6422,0
DA:6423,0
DA:6424,0
DA:6431,0
DA:6432,0
DA:6433,0
DA:6434,0
DA:6435,0
DA:6436,0
DA:6440,0
DA:6447,0
DA:6448,0
DA:6449,0
DA:6450,0
DA:6451,0
DA:6452,0
DA:6456,0
DA:6458,0
DA:6459,0
DA:6460,0
DA:6462,0
DA:6463,0
DA:6465,0
DA:6466,0
DA:6468,0
DA:6469,0
DA:6471,0
DA:6472,0
DA:6477,0
DA:6479,0
DA:6480,0
DA:6481,0
DA:6482,0
DA:6483,0
DA:6484,0
DA:6485,0
DA:6486,0
DA:6495,4
DA:6498,8
DA:6500,4
DA:6507,8
DA:6509,4
DA:6511,4
DA:6522,8
DA:6524,4
DA:6526,4
DA:6535,8
DA:6537,4
DA:6544,8
DA:6546,4
DA:6555,8
DA:6557,4
DA:6565,8
DA:6567,4
DA:6573,4
DA:6574,4
DA:6575,4
DA:6576,4
DA:6577,4
DA:6578,4
DA:6579,4
DA:6580,4
DA:6581,4
DA:6583,4
DA:6584,8
DA:6585,4
DA:6588,0
DA:6593,0
DA:6594,0
DA:6595,0
DA:6596,0
DA:6598,0
DA:6600,0
DA:6601,0
DA:6603,0
DA:6606,0
DA:6608,0
DA:6609,0
DA:6611,0
DA:6614,0
DA:6616,0
DA:6617,0
DA:6619,0
DA:6622,0
DA:6623,0
DA:6625,0
DA:6628,0
DA:6629,0
DA:6631,0
DA:6634,0
DA:6635,0
DA:6637,0
DA:6643,4
DA:6644,4
DA:6645,0
DA:6647,0
DA:6648,0
DA:6649,0
DA:6651,0
DA:6653,0
DA:6655,0
DA:6657,0
DA:6659,0
DA:6661,0
DA:6663,0
DA:6665,0
DA:6667,0
DA:6669,0
DA:6671,0
DA:6673,0
DA:6675,0
DA:6680,0
DA:6682,0
DA:6694,0
DA:6703,0
DA:6705,0
DA:6706,0
DA:6707,0
DA:6708,0
DA:6709,0
DA:6710,0
DA:6712,0
DA:6713,0
DA:6715,0
DA:6716,0
DA:6718,0
DA:6719,0
DA:6724,0
DA:6725,0
DA:6726,0
DA:6727,0
DA:6728,0
DA:6729,0
DA:6731,0
DA:6732,0
DA:6734,0
DA:6735,0
DA:6737,0
DA:6738,0
DA:6740,0
DA:6744,0
DA:6748,0
DA:6749,0
DA:6750,0
DA:6751,0
DA:6752,0
DA:6753,0
DA:6754,0
DA:6755,0
DA:6756,0
DA:6759,0
DA:6761,0
DA:6762,0
DA:6763,0
DA:6764,0
DA:6765,0
DA:6766,0
DA:6767,0
DA:6768,0
DA:6769,0
DA:6773,0
DA:6781,0
DA:6782,0
DA:6783,0
DA:6784,0
DA:6785,0
DA:6786,0
DA:6787,0
DA:6788,0
DA:6790,0
DA:6791,0
DA:6792,0
DA:6793,0
DA:6794,0
DA:6795,0
DA:6796,0
DA:6797,0
DA:6798,0
DA:6802,0
DA:6804,0
DA:6805,0
DA:6806,0
DA:6807,0
DA:6808,0
DA:6809,0
DA:6810,0
DA:6811,0
DA:6812,0
DA:6813,0
DA:6816,0
DA:6818,0
DA:6819,0
DA:6822,0
DA:6823,0
DA:6824,0
DA:6825,0
DA:6826,0
DA:6827,0
DA:6828,0
DA:6829,0
DA:6841,0
DA:6851,0
DA:6860,0
DA:6861,0
DA:6862,0
DA:6863,0
DA:6873,0
DA:6874,0
DA:6875,0
DA:6876,0
DA:6877,0
DA:6878,0
DA:6879,0
DA:6880,0
DA:6881,0
DA:6885,0
DA:6895,0
DA:6896,0
DA:6897,0
DA:6898,0
DA:6899,0
DA:6900,0
DA:6901,0
DA:6902,0
DA:6903,0
DA:6907,0
DA:6909,0
DA:6910,0
DA:6911,0
DA:6913,0
DA:6914,0
DA:6916,0
DA:6917,0
DA:6919,0
DA:6920,0
DA:6922,0
DA:6923,0
DA:6925,0
DA:6926,0
DA:6928,0
DA:6929,0
DA:6931,0
DA:6932,0
DA:6937,0
DA:6939,0
DA:6940,0
DA:6941,0
DA:6942,0
DA:6943,0
DA:6944,0
DA:6945,0
DA:6946,0
DA:6947,0
DA:6948,0
DA:6949,0
DA:6957,4
DA:6960,8
DA:6962,4
DA:6971,8
DA:6973,4
DA:6982,8
DA:6984,4
DA:6991,8
DA:6993,4
DA:7001,8
DA:7003,4
DA:7012,8
DA:7014,4
DA:7021,8
DA:7023,4
DA:7033,8
DA:7035,4
DA:7041,4
DA:7042,4
DA:7043,4
DA:7044,4
DA:7045,4
DA:7046,4
DA:7047,4
DA:7048,4
DA:7049,4
DA:7050,4
DA:7052,4
DA:7053,8
DA:7054,4
DA:7057,0
DA:7062,0
DA:7063,0
DA:7064,0
DA:7065,0
DA:7067,0
DA:7069,0
DA:7070,0
DA:7072,0
DA:7075,0
DA:7077,0
DA:7078,0
DA:7080,0
DA:7083,0
DA:7084,0
DA:7086,0
DA:7089,0
DA:7090,0
DA:7092,0
DA:7095,0
DA:7097,0
DA:7098,0
DA:7100,0
DA:7101,0
DA:7106,0
DA:7107,0
DA:7109,0
DA:7112,0
DA:7113,0
DA:7115,0
DA:7121,4
DA:7122,4
DA:7123,0
DA:7125,0
DA:7126,0
DA:7127,0
DA:7129,0
DA:7131,0
DA:7133,0
DA:7135,0
DA:7137,0
DA:7139,0
DA:7141,0
DA:7143,0
DA:7145,0
DA:7147,0
DA:7149,0
DA:7151,0
DA:7153,0
DA:7155,0
DA:7157,0
DA:7162,0
DA:7164,0
DA:7177,0
DA:7187,0
DA:7189,0
DA:7190,0
DA:7191,0
DA:7192,0
DA:7193,0
DA:7195,0
DA:7196,0
DA:7197,0
DA:7198,0
DA:7200,0
DA:7201,0
DA:7203,0
DA:7204,0
DA:7209,0
DA:7210,0
DA:7211,0
DA:7212,0
DA:7213,0
DA:7215,0
DA:7216,0
DA:7217,0
DA:7218,0
DA:7220,0
DA:7221,0
DA:7223,0
DA:7224,0
DA:7226,0
DA:7230,0
DA:7234,0
DA:7235,0
DA:7236,0
DA:7237,0
DA:7238,0
DA:7239,0
DA:7240,0
DA:7241,0
DA:7242,0
DA:7243,0
DA:7246,0
DA:7248,0
DA:7249,0
DA:7250,0
DA:7251,0
DA:7252,0
DA:7253,0
DA:7254,0
DA:7255,0
DA:7256,0
DA:7257,0
DA:7261,0
DA:7270,0
DA:7271,0
DA:7272,0
DA:7273,0
DA:7274,0
DA:7275,0
DA:7276,0
DA:7277,0
DA:7278,0
DA:7279,0
DA:7280,0
DA:7282,0
DA:7283,0
DA:7284,0
DA:7285,0
DA:7286,0
DA:7287,0
DA:7288,0
DA:7289,0
DA:7290,0
DA:7291,0
DA:7292,0
DA:7293,0
DA:7294,0
DA:7295,0
DA:7299,0
DA:7301,0
DA:7302,0
DA:7303,0
DA:7304,0
DA:7305,0
DA:7306,0
DA:7307,0
DA:7308,0
DA:7309,0
DA:7310,0
DA:7311,0
DA:7314,0
DA:7315,0
DA:7316,0
DA:7317,0
DA:7318,0
DA:7319,0
DA:7320,0
DA:7321,0
DA:7322,0
DA:7323,0
DA:7325,0
DA:7328,0
DA:7329,0
DA:7330,0
DA:7331,0
DA:7332,0
DA:7333,0
DA:7334,0
DA:7335,0
DA:7336,0
DA:7349,0
DA:7360,0
DA:7370,0
DA:7371,0
DA:7372,0
DA:7373,0
DA:7384,0
DA:7385,0
DA:7386,0
DA:7387,0
DA:7388,0
DA:7389,0
DA:7390,0
DA:7391,0
DA:7392,0
DA:7393,0
DA:7397,0
DA:7408,0
DA:7409,0
DA:7410,0
DA:7411,0
DA:7412,0
DA:7413,0
DA:7414,0
DA:7415,0
DA:7416,0
DA:7417,0
DA:7421,0
DA:7423,0
DA:7424,0
DA:7425,0
DA:7427,0
DA:7428,0
DA:7430,0
DA:7431,0
DA:7433,0
DA:7434,0
DA:7436,0
DA:7437,0
DA:7439,0
DA:7440,0
DA:7442,0
DA:7443,0
DA:7445,0
DA:7446,0
DA:7448,0
DA:7449,0
DA:7454,0
DA:7456,0
DA:7457,0
DA:7458,0
DA:7459,0
DA:7460,0
DA:7461,0
DA:7462,0
DA:7463,0
DA:7464,0
DA:7465,0
DA:7466,0
DA:7467,0
DA:7472,8
DA:7473,0
DA:7474,8
DA:7475,8
DA:7476,8
DA:7477,4
DA:7478,4
DA:7479,8
DA:7480,8
DA:7481,8
DA:7482,8
DA:7483,8
DA:7484,8
DA:7485,8
DA:7486,8
DA:7487,8
DA:7488,2
DA:7489,2
DA:7491,4
DA:7492,2
DA:7500,0
DA:7502,0
DA:7503,4
DA:7504,4
DA:7505,4
DA:7506,4
DA:7507,4
DA:7508,4
DA:7509,4
DA:7510,4
DA:7511,4
DA:7512,4
DA:7513,4
DA:7514,4
DA:7515,4
DA:7516,4
DA:7517,4
DA:7550,0
DA:7552,0
DA:7553,0
DA:7554,0
DA:7555,0
DA:7558,0
DA:7559,0
DA:7560,0
DA:7561,0
DA:7562,0
DA:7564,0
DA:7565,0
DA:7566,0
DA:7573,0
DA:7580,0
DA:7581,0
DA:7582,0
DA:7585,0
DA:7586,0
DA:7587,0
DA:7590,0
DA:7591,0
DA:7592,0
DA:7595,0
DA:7596,0
DA:7597,0
DA:7600,0
DA:7601,0
DA:7602,0
DA:7605,0
DA:7606,0
DA:7607,0
DA:7610,0
DA:7611,0
DA:7612,0
DA:7615,0
DA:7616,0
DA:7617,0
DA:7620,0
DA:7621,0
DA:7622,0
DA:7625,0
DA:7626,0
DA:7627,0
DA:7630,0
DA:7633,0
DA:7635,0
DA:7636,0
DA:7637,0
DA:7639,0
DA:7643,0
DA:7644,0
DA:7645,0
DA:7652,0
DA:7658,0
DA:7665,0
DA:7666,0
DA:7667,0
DA:7670,0
DA:7671,0
DA:7672,0
DA:7675,0
DA:7676,0
DA:7677,0
DA:7680,0
DA:7681,0
DA:7682,0
DA:7685,0
DA:7686,0
DA:7687,0
DA:7690,0
DA:7691,0
DA:7692,0
DA:7695,0
DA:7696,0
DA:7697,0
DA:7700,0
DA:7701,0
DA:7702,0
DA:7705,0
DA:7706,0
DA:7707,0
DA:7710,0
DA:7711,0
DA:7712,0
DA:7718,0
DA:7725,0
DA:7726,0
DA:7728,0
DA:7729,0
DA:7731,0
DA:7732,0
DA:7734,0
DA:7735,0
DA:7737,0
DA:7738,0
DA:7740,0
DA:7741,0
DA:7743,0
DA:7744,0
DA:7746,0
DA:7747,0
DA:7749,0
DA:7750,0
DA:7751,0
DA:7754,0
DA:7755,0
DA:7756,0
DA:7759,0
DA:7762,0
DA:7764,0
DA:7765,0
DA:7766,0
DA:7768,0
DA:7772,0
DA:7773,0
DA:7774,0
DA:7781,0
DA:7800,0
DA:7801,0
DA:7802,0
DA:7805,0
DA:7806,0
DA:7807,0
DA:7808,0
DA:7809,0
DA:7810,0
DA:7812,0
DA:7823,0
DA:7836,0
DA:7847,0
DA:7859,0
DA:7860,0
DA:7861,0
DA:7862,0
DA:7863,0
DA:7866,0
DA:7867,0
DA:7868,0
DA:7870,0
DA:7872,0
DA:7873,0
DA:7875,0
DA:7882,0
DA:7883,0
DA:7887,0
DA:7888,0
DA:7889,0
DA:7941,0
DA:7948,0
DA:7949,0
DA:7950,0
DA:7953,0
DA:7954,0
DA:7955,0
DA:7958,0
DA:7959,0
DA:7960,0
DA:7963,0
DA:7964,0
DA:7965,0
DA:7968,0
DA:7969,0
DA:7970,0
DA:7973,0
DA:7974,0
DA:7975,0
DA:7978,0
DA:7979,0
DA:7980,0
DA:7983,0
DA:7984,0
DA:7985,0
DA:7991,0
DA:7998,0
DA:7999,0
DA:8000,0
DA:8003,0
DA:8004,0
DA:8005,0
DA:8008,0
DA:8009,0
DA:8010,0
DA:8013,0
DA:8014,0
DA:8015,0
DA:8018,0
DA:8019,0
DA:8020,0
DA:8023,0
DA:8024,0
DA:8025,0
DA:8028,0
DA:8029,0
DA:8030,0
DA:8033,0
DA:8034,0
DA:8035,0
DA:8041,0
DA:8048,0
DA:8049,0
DA:8051,0
DA:8052,0
DA:8054,0
DA:8055,0
DA:8057,0
DA:8058,0
DA:8060,0
DA:8061,0
DA:8062,0
DA:8065,0
DA:8066,0
DA:8067,0
DA:8070,0
DA:8071,0
DA:8073,0
DA:8074,0
DA:8092,0
DA:8093,0
DA:8094,0
DA:8097,0
DA:8098,0
DA:8099,0
DA:8100,0
DA:8101,0
DA:8102,0
DA:8104,0
DA:8114,0
DA:8126,0
DA:8136,0
DA:8147,0
DA:8148,0
DA:8149,0
DA:8194,0
DA:8201,0
DA:8202,0
DA:8203,0
DA:8206,0
DA:8207,0
DA:8208,0
DA:8211,0
DA:8212,0
DA:8213,0
DA:8216,0
DA:8217,0
DA:8218,0
DA:8221,0
DA:8222,0
DA:8223,0
DA:8226,0
DA:8227,0
DA:8228,0
DA:8231,0
DA:8232,0
DA:8233,0
DA:8239,0
DA:8246,0
DA:8247,0
DA:8248,0
DA:8251,0
DA:8252,0
DA:8253,0
DA:8256,0
DA:8257,0
DA:8258,0
DA:8261,0
DA:8262,0
DA:8263,0
DA:8266,0
DA:8267,0
DA:8268,0
DA:8271,0
DA:8272,0
DA:8273,0
DA:8276,0
DA:8277,0
DA:8278,0
DA:8284,0
DA:8291,0
DA:8292,0
DA:8294,0
DA:8295,0
DA:8297,0
DA:8298,0
DA:8300,0
DA:8301,0
DA:8303,0
DA:8304,0
DA:8305,0
DA:8308,0
DA:8309,0
DA:8311,0
DA:8312,0
DA:8330,0
DA:8331,0
DA:8332,0
DA:8335,0
DA:8336,0
DA:8337,0
DA:8338,0
DA:8339,0
DA:8340,0
DA:8342,0
DA:8351,0
DA:8362,0
DA:8371,0
DA:8381,0
DA:8382,0
DA:8383,0
DA:8438,0
DA:8445,0
DA:8446,0
DA:8447,0
DA:8450,0
DA:8451,0
DA:8452,0
DA:8455,0
DA:8456,0
DA:8457,0
DA:8460,0
DA:8461,0
DA:8462,0
DA:8465,0
DA:8466,0
DA:8467,0
DA:8470,0
DA:8471,0
DA:8472,0
DA:8475,0
DA:8476,0
DA:8477,0
DA:8480,0
DA:8481,0
DA:8482,0
DA:8485,0
DA:8486,0
DA:8487,0
DA:8490,0
DA:8491,0
DA:8492,0
DA:8495,0
DA:8496,0
DA:8497,0
DA:8500,0
DA:8501,0
DA:8502,0
DA:8508,0
DA:8515,0
DA:8516,0
DA:8517,0
DA:8520,0
DA:8521,0
DA:8522,0
DA:8525,0
DA:8526,0
DA:8527,0
DA:8530,0
DA:8531,0
DA:8532,0
DA:8535,0
DA:8536,0
DA:8537,0
DA:8540,0
DA:8541,0
DA:8542,0
DA:8545,0
DA:8546,0
DA:8547,0
DA:8550,0
DA:8551,0
DA:8552,0
DA:8555,0
DA:8556,0
DA:8557,0
DA:8560,0
DA:8561,0
DA:8562,0
DA:8565,0
DA:8566,0
DA:8567,0
DA:8570,0
DA:8571,0
DA:8572,0
DA:8578,0
DA:8585,0
DA:8586,0
DA:8588,0
DA:8589,0
DA:8590,0
DA:8593,0
DA:8594,0
DA:8596,0
DA:8597,0
DA:8599,0
DA:8600,0
DA:8601,0
DA:8604,0
DA:8605,0
DA:8607,0
DA:8608,0
DA:8610,0
DA:8611,0
DA:8613,0
DA:8614,0
DA:8615,0
DA:8618,0
DA:8619,0
DA:8620,0
DA:8623,0
DA:8624,0
DA:8626,0
DA:8627,0
DA:8652,0
DA:8655,0
DA:8656,0
DA:8659,0
DA:8660,0
DA:8661,0
DA:8662,0
DA:8663,0
DA:8664,0
DA:8669,0
DA:8683,0
DA:8699,0
DA:8713,0
DA:8728,0
DA:8729,0
DA:8730,0
DA:8788,0
DA:8790,0
DA:8791,0
DA:8792,0
DA:8793,0
DA:8796,0
DA:8797,0
DA:8798,0
DA:8799,0
DA:8800,0
DA:8802,0
DA:8803,0
DA:8804,0
DA:8808,0
DA:8809,0
DA:8810,0
DA:8811,0
DA:8814,0
DA:8815,0
DA:8816,0
DA:8817,0
DA:8818,0
DA:8820,0
DA:8821,0
DA:8822,0
DA:8829,0
DA:8836,0
DA:8837,0
DA:8838,0
DA:8841,0
DA:8842,0
DA:8843,0
DA:8846,0
DA:8847,0
DA:8848,0
DA:8851,0
DA:8852,0
DA:8853,0
DA:8856,0
DA:8857,0
DA:8858,0
DA:8861,0
DA:8862,0
DA:8863,0
DA:8866,0
DA:8867,0
DA:8868,0
DA:8871,0
DA:8872,0
DA:8873,0
DA:8876,0
DA:8877,0
DA:8878,0
DA:8881,0
DA:8882,0
DA:8883,0
DA:8886,0
DA:8887,0
DA:8888,0
DA:8891,0
DA:8894,0
DA:8896,0
DA:8897,0
DA:8898,0
DA:8900,0
DA:8904,0
DA:8905,0
DA:8906,0
DA:8913,0
DA:8916,0
DA:8919,0
DA:8921,0
DA:8922,0
DA:8923,0
DA:8925,0
DA:8929,0
DA:8930,0
DA:8931,0
DA:8938,0
DA:8944,0
DA:8951,0
DA:8952,0
DA:8953,0
DA:8956,0
DA:8957,0
DA:8958,0
DA:8961,0
DA:8962,0
DA:8963,0
DA:8966,0
DA:8967,0
DA:8968,0
DA:8971,0
DA:8972,0
DA:8973,0
DA:8976,0
DA:8977,0
DA:8978,0
DA:8981,0
DA:8982,0
DA:8983,0
DA:8986,0
DA:8987,0
DA:8988,0
DA:8991,0
DA:8992,0
DA:8993,0
DA:8996,0
DA:8997,0
DA:8998,0
DA:9001,0
DA:9002,0
DA:9003,0
DA:9009,0
DA:9016,0
DA:9017,0
DA:9019,0
DA:9020,0
DA:9021,0
DA:9024,0
DA:9025,0
DA:9026,0
DA:9029,0
DA:9030,0
DA:9031,0
DA:9034,0
DA:9035,0
DA:9036,0
DA:9039,0
DA:9040,0
DA:9041,0
DA:9044,0
DA:9045,0
DA:9046,0
DA:9049,0
DA:9050,0
DA:9051,0
DA:9054,0
DA:9055,0
DA:9056,0
DA:9059,0
DA:9060,0
DA:9062,0
DA:9063,0
DA:9065,0
DA:9068,0
DA:9070,0
DA:9071,0
DA:9072,0
DA:9074,0
DA:9078,0
DA:9079,0
DA:9080,0
DA:9087,0
DA:9090,0
DA:9093,0
DA:9095,0
DA:9096,0
DA:9097,0
DA:9099,0
DA:9103,0
DA:9104,0
DA:9105,0
DA:9112,0
DA:9134,0
DA:9135,0
DA:9136,0
DA:9139,0
DA:9140,0
DA:9141,0
DA:9142,0
DA:9143,0
DA:9144,0
DA:9146,0
DA:9158,0
DA:9172,0
DA:9184,0
DA:9197,0
DA:9198,0
DA:9199,0
DA:9200,0
DA:9201,0
DA:9204,0
DA:9206,0
DA:9207,0
DA:9209,0
DA:9210,0
DA:9211,0
DA:9214,0
DA:9215,0
DA:9217,0
DA:9224,0
DA:9225,0
DA:9226,0
DA:9230,0
DA:9232,0
DA:9233,0
DA:9238,0
DA:9245,0
DA:9246,0
DA:9247,0
DA:9251,0
DA:9253,0
DA:9254,0
DA:9301,0
DA:9303,0
DA:9304,0
DA:9305,0
DA:9308,0
DA:9309,0
DA:9311,0
DA:9312,0
DA:9313,0
DA:9314,0
DA:9315,0
DA:9317,0
DA:9318,0
DA:9322,0
DA:9323,0
DA:9324,0
DA:9327,0
DA:9328,0
DA:9330,0
DA:9331,0
DA:9332,0
DA:9333,0
DA:9334,0
DA:9336,0
DA:9337,0
DA:9344,0
DA:9351,0
DA:9352,0
DA:9353,0
DA:9356,0
DA:9357,0
DA:9358,0
DA:9361,0
DA:9362,0
DA:9363,0
DA:9366,0
DA:9367,0
DA:9368,0
DA:9371,0
DA:9372,0
DA:9374,0
DA:9375,0
DA:9376,0
DA:9378,0
DA:9382,0
DA:9383,0
DA:9384,0
DA:9394,0
DA:9395,0
DA:9397,0
DA:9398,0
DA:9399,0
DA:9401,0
DA:9405,0
DA:9406,0
DA:9407,0
DA:9420,0
DA:9427,0
DA:9428,0
DA:9429,0
DA:9432,0
DA:9433,0
DA:9434,0
DA:9437,0
DA:9438,0
DA:9439,0
DA:9442,0
DA:9443,0
DA:9444,0
DA:9447,0
DA:9448,0
DA:9450,0
DA:9451,0
DA:9452,0
DA:9454,0
DA:9458,0
DA:9459,0
DA:9460,0
DA:9470,0
DA:9471,0
DA:9473,0
DA:9474,0
DA:9475,0
DA:9477,0
DA:9481,0
DA:9482,0
DA:9483,0
DA:9496,0
DA:9503,0
DA:9504,0
DA:9506,0
DA:9507,0
DA:9509,0
DA:9510,0
DA:9512,0
DA:9513,0
DA:9515,0
DA:9516,0
DA:9518,0
DA:9519,0
DA:9520,0
DA:9522,0
DA:9526,0
DA:9527,0
DA:9528,0
DA:9538,0
DA:9539,0
DA:9541,0
DA:9542,0
DA:9543,0
DA:9545,0
DA:9549,0
DA:9550,0
DA:9551,0
DA:9577,0
DA:9578,0
DA:9579,0
DA:9582,0
DA:9583,0
DA:9584,0
DA:9585,0
DA:9586,0
DA:9587,0
DA:9589,0
DA:9596,0
DA:9605,0
DA:9612,0
DA:9620,0
DA:9621,0
DA:9622,0
DA:9623,0
DA:9624,0
DA:9627,0
DA:9628,0
DA:9629,0
DA:9631,0
DA:9647,0
DA:9650,0
DA:9652,0
DA:9654,0
DA:9656,0
DA:9657,0
DA:9663,0
DA:9665,0
DA:9667,0
DA:9669,0
DA:9670,0
DA:9677,0
DA:9678,0
DA:9731,0
DA:9738,0
DA:9739,0
DA:9740,0
DA:9743,0
DA:9744,0
DA:9745,0
DA:9748,0
DA:9749,0
DA:9750,0
DA:9753,0
DA:9754,0
DA:9755,0
DA:9758,0
DA:9759,0
DA:9760,0
DA:9763,0
DA:9764,0
DA:9765,0
DA:9768,0
DA:9769,0
DA:9770,0
DA:9773,0
DA:9774,0
DA:9775,0
DA:9778,0
DA:9779,0
DA:9780,0
DA:9783,0
DA:9784,0
DA:9785,0
DA:9791,0
DA:9798,0
DA:9799,0
DA:9800,0
DA:9803,0
DA:9804,0
DA:9805,0
DA:9808,0
DA:9809,0
DA:9810,0
DA:9813,0
DA:9814,0
DA:9815,0
DA:9818,0
DA:9819,0
DA:9820,0
DA:9823,0
DA:9824,0
DA:9825,0
DA:9828,0
DA:9829,0
DA:9830,0
DA:9833,0
DA:9834,0
DA:9835,0
DA:9838,0
DA:9839,0
DA:9840,0
DA:9843,0
DA:9844,0
DA:9845,0
DA:9851,0
DA:9858,0
DA:9859,0
DA:9861,0
DA:9862,0
DA:9863,0
DA:9866,0
DA:9867,0
DA:9869,0
DA:9870,0
DA:9872,0
DA:9873,0
DA:9875,0
DA:9876,0
DA:9877,0
DA:9880,0
DA:9881,0
DA:9882,0
DA:9885,0
DA:9886,0
DA:9887,0
DA:9890,0
DA:9891,0
DA:9893,0
DA:9894,0
DA:9912,0
DA:9913,0
DA:9914,0
DA:9917,0
DA:9918,0
DA:9919,0
DA:9920,0
DA:9921,0
DA:9922,0
DA:9924,0
DA:9936,0
DA:9950,0
DA:9962,0
DA:9975,0
DA:9976,0
DA:9977,0
DA:10021,0
DA:10028,0
DA:10029,0
DA:10030,0
DA:10033,0
DA:10034,0
DA:10035,0
DA:10038,0
DA:10039,0
DA:10040,0
DA:10043,0
DA:10044,0
DA:10045,0
DA:10048,0
DA:10049,0
DA:10050,0
DA:10053,0
DA:10054,0
DA:10055,0
DA:10058,0
DA:10059,0
DA:10060,0
DA:10063,0
DA:10064,0
DA:10065,0
DA:10070,0
DA:10077,0
DA:10078,0
DA:10079,0
DA:10082,0
DA:10083,0
DA:10084,0
DA:10087,0
DA:10088,0
DA:10089,0
DA:10092,0
DA:10093,0
DA:10094,0
DA:10097,0
DA:10098,0
DA:10099,0
DA:10102,0
DA:10103,0
DA:10104,0
DA:10107,0
DA:10108,0
DA:10109,0
DA:10112,0
DA:10113,0
DA:10114,0
DA:10120,0
DA:10127,0
DA:10128,0
DA:10130,0
DA:10131,0
DA:10133,0
DA:10134,0
DA:10136,0
DA:10137,0
DA:10138,0
DA:10141,0
DA:10142,0
DA:10143,0
DA:10146,0
DA:10147,0
DA:10149,0
DA:10150,0
DA:10152,0
DA:10153,0
DA:10171,0
DA:10172,0
DA:10173,0
DA:10176,0
DA:10177,0
DA:10178,0
DA:10179,0
DA:10180,0
DA:10181,0
DA:10183,0
DA:10192,0
DA:10203,0
DA:10212,0
DA:10222,0
DA:10223,0
DA:10224,0
DA:10281,0
DA:10288,0
DA:10289,0
DA:10290,0
DA:10293,0
DA:10294,0
DA:10295,0
DA:10298,0
DA:10299,0
DA:10300,0
DA:10303,0
DA:10304,0
DA:10305,0
DA:10308,0
DA:10309,0
DA:10310,0
DA:10313,0
DA:10314,0
DA:10315,0
DA:10318,0
DA:10319,0
DA:10320,0
DA:10323,0
DA:10324,0
DA:10325,0
DA:10328,0
DA:10329,0
DA:10330,0
DA:10333,0
DA:10334,0
DA:10335,0
DA:10338,0
DA:10339,0
DA:10340,0
DA:10343,0
DA:10344,0
DA:10345,0
DA:10348,0
DA:10349,0
DA:10350,0
DA:10356,0
DA:10363,0
DA:10364,0
DA:10365,0
DA:10368,0
DA:10369,0
DA:10370,0
DA:10373,0
DA:10374,0
DA:10375,0
DA:10378,0
DA:10379,0
DA:10380,0
DA:10383,0
DA:10384,0
DA:10385,0
DA:10388,0
DA:10389,0
DA:10390,0
DA:10393,0
DA:10394,0
DA:10395,0
DA:10398,0
DA:10399,0
DA:10400,0
DA:10403,0
DA:10404,0
DA:10405,0
DA:10408,0
DA:10409,0
DA:10410,0
DA:10413,0
DA:10414,0
DA:10415,0
DA:10418,0
DA:10419,0
DA:10420,0
DA:10423,0
DA:10424,0
DA:10425,0
DA:10431,0
DA:10438,0
DA:10439,0
DA:10441,0
DA:10442,0
DA:10443,0
DA:10446,0
DA:10447,0
DA:10448,0
DA:10451,0
DA:10452,0
DA:10453,0
DA:10456,0
DA:10457,0
DA:10458,0
DA:10461,0
DA:10462,0
DA:10463,0
DA:10466,0
DA:10467,0
DA:10468,0
DA:10471,0
DA:10472,0
DA:10474,0
DA:10475,0
DA:10476,0
DA:10479,0
DA:10480,0
DA:10482,0
DA:10483,0
DA:10485,0
DA:10486,0
DA:10488,0
DA:10489,0
DA:10507,0
DA:10508,0
DA:10509,0
DA:10512,0
DA:10513,0
DA:10514,0
DA:10515,0
DA:10516,0
DA:10517,0
DA:10519,0
DA:10534,0
DA:10551,0
DA:10566,0
DA:10582,0
DA:10583,0
DA:10584,0
DA:10643,0
DA:10650,0
DA:10651,0
DA:10652,0
DA:10655,0
DA:10656,0
DA:10657,0
DA:10660,0
DA:10661,0
DA:10662,0
DA:10665,0
DA:10666,0
DA:10667,0
DA:10670,0
DA:10671,0
DA:10672,0
DA:10675,0
DA:10676,0
DA:10677,0
DA:10680,0
DA:10681,0
DA:10682,0
DA:10685,0
DA:10686,0
DA:10687,0
DA:10690,0
DA:10691,0
DA:10692,0
DA:10695,0
DA:10696,0
DA:10697,0
DA:10700,0
DA:10701,0
DA:10702,0
DA:10705,0
DA:10706,0
DA:10707,0
DA:10710,0
DA:10711,0
DA:10712,0
DA:10715,0
DA:10716,0
DA:10717,0
DA:10723,0
DA:10730,0
DA:10731,0
DA:10732,0
DA:10735,0
DA:10736,0
DA:10737,0
DA:10740,0
DA:10741,0
DA:10742,0
DA:10745,0
DA:10746,0
DA:10747,0
DA:10750,0
DA:10751,0
DA:10752,0
DA:10755,0
DA:10756,0
DA:10757,0
DA:10760,0
DA:10761,0
DA:10762,0
DA:10765,0
DA:10766,0
DA:10767,0
DA:10770,0
DA:10771,0
DA:10772,0
DA:10775,0
DA:10776,0
DA:10777,0
DA:10780,0
DA:10781,0
DA:10782,0
DA:10785,0
DA:10786,0
DA:10787,0
DA:10790,0
DA:10791,0
DA:10792,0
DA:10795,0
DA:10796,0
DA:10797,0
DA:10803,0
DA:10810,0
DA:10811,0
DA:10813,0
DA:10814,0
DA:10815,0
DA:10818,0
DA:10819,0
DA:10821,0
DA:10822,0
DA:10824,0
DA:10825,0
DA:10827,0
DA:10828,0
DA:10829,0
DA:10832,0
DA:10833,0
DA:10835,0
DA:10836,0
DA:10837,0
DA:10840,0
DA:10841,0
DA:10842,0
DA:10845,0
DA:10846,0
DA:10848,0
DA:10849,0
DA:10851,0
DA:10852,0
DA:10854,0
DA:10855,0
DA:10856,0
DA:10859,0
DA:10860,0
DA:10881,0
DA:10882,0
DA:10883,0
DA:10886,0
DA:10887,0
DA:10888,0
DA:10889,0
DA:10890,0
DA:10891,0
DA:10893,0
DA:10909,0
DA:10927,0
DA:10943,0
DA:10960,0
DA:10961,0
DA:10962,0
DA:11004,0
DA:11010,0
DA:11011,0
DA:11012,0
DA:11015,0
DA:11016,0
DA:11018,0
DA:11019,0
DA:11020,0
DA:11021,0
DA:11022,0
DA:11024,0
DA:11025,0
DA:11032,0
DA:11039,0
DA:11040,0
DA:11041,0
DA:11044,0
DA:11045,0
DA:11046,0
DA:11049,0
DA:11050,0
DA:11051,0
DA:11054,0
DA:11055,0
DA:11056,0
DA:11059,0
DA:11060,0
DA:11062,0
DA:11063,0
DA:11064,0
DA:11066,0
DA:11070,0
DA:11071,0
DA:11072,0
DA:11085,0
DA:11092,0
DA:11093,0
DA:11094,0
DA:11097,0
DA:11098,0
DA:11099,0
DA:11102,0
DA:11103,0
DA:11104,0
DA:11107,0
DA:11108,0
DA:11109,0
DA:11112,0
DA:11113,0
DA:11115,0
DA:11116,0
DA:11117,0
DA:11119,0
DA:11123,0
DA:11124,0
DA:11125,0
DA:11138,0
DA:11145,0
DA:11146,0
DA:11148,0
DA:11149,0
DA:11151,0
DA:11152,0
DA:11153,0
DA:11156,0
DA:11157,0
DA:11158,0
DA:11161,0
DA:11162,0
DA:11164,0
DA:11165,0
DA:11166,0
DA:11168,0
DA:11172,0
DA:11173,0
DA:11174,0
DA:11200,0
DA:11203,0
DA:11204,0
DA:11207,0
DA:11208,0
DA:11209,0
DA:11210,0
DA:11211,0
DA:11212,0
DA:11214,0
DA:11220,0
DA:11228,0
DA:11234,0
DA:11241,0
DA:11242,0
DA:11243,0
DA:11244,0
DA:11245,0
DA:11248,0
DA:11249,0
DA:11250,0
DA:11252,0
DA:11268,0
DA:11271,0
DA:11273,0
DA:11275,0
DA:11278,0
DA:11279,0
DA:11286,0
DA:11287,0
DA:11334,0
DA:11341,0
DA:11342,0
DA:11343,0
DA:11346,0
DA:11347,0
DA:11348,0
DA:11351,0
DA:11352,0
DA:11353,0
DA:11356,0
DA:11357,0
DA:11358,0
DA:11361,0
DA:11362,0
DA:11363,0
DA:11366,0
DA:11367,0
DA:11368,0
DA:11371,0
DA:11372,0
DA:11373,0
DA:11379,0
DA:11386,0
DA:11387,0
DA:11388,0
DA:11391,0
DA:11392,0
DA:11393,0
DA:11396,0
DA:11397,0
DA:11398,0
DA:11401,0
DA:11402,0
DA:11403,0
DA:11406,0
DA:11407,0
DA:11408,0
DA:11411,0
DA:11412,0
DA:11413,0
DA:11416,0
DA:11417,0
DA:11418,0
DA:11424,0
DA:11431,0
DA:11432,0
DA:11434,0
DA:11435,0
DA:11437,0
DA:11438,0
DA:11440,0
DA:11441,0
DA:11443,0
DA:11444,0
DA:11446,0
DA:11447,0
DA:11449,0
DA:11450,0
DA:11468,0
DA:11469,0
DA:11470,0
DA:11473,0
DA:11474,0
DA:11475,0
DA:11476,0
DA:11477,0
DA:11478,0
DA:11480,0
DA:11489,0
DA:11500,0
DA:11509,0
DA:11519,0
DA:11520,0
DA:11521,0
DA:11567,0
DA:11574,0
DA:11575,0
DA:11576,0
DA:11579,0
DA:11580,0
DA:11581,0
DA:11584,0
DA:11585,0
DA:11586,0
DA:11589,0
DA:11590,0
DA:11591,0
DA:11594,0
DA:11595,0
DA:11596,0
DA:11599,0
DA:11600,0
DA:11601,0
DA:11604,0
DA:11605,0
DA:11606,0
DA:11609,0
DA:11610,0
DA:11611,0
DA:11617,0
DA:11624,0
DA:11625,0
DA:11626,0
DA:11629,0
DA:11630,0
DA:11631,0
DA:11634,0
DA:11635,0
DA:11636,0
DA:11639,0
DA:11640,0
DA:11641,0
DA:11644,0
DA:11645,0
DA:11646,0
DA:11649,0
DA:11650,0
DA:11651,0
DA:11654,0
DA:11655,0
DA:11656,0
DA:11659,0
DA:11660,0
DA:11661,0
DA:11667,0
DA:11674,0
DA:11675,0
DA:11677,0
DA:11678,0
DA:11679,0
DA:11682,0
DA:11683,0
DA:11685,0
DA:11686,0
DA:11688,0
DA:11689,0
DA:11691,0
DA:11692,0
DA:11693,0
DA:11696,0
DA:11697,0
DA:11699,0
DA:11700,0
DA:11718,0
DA:11719,0
DA:11720,0
DA:11723,0
DA:11724,0
DA:11725,0
DA:11726,0
DA:11727,0
DA:11728,0
DA:11730,0
DA:11740,0
DA:11752,0
DA:11762,0
DA:11773,0
DA:11774,0
DA:11775,0
DA:11798,0
DA:11799,0
DA:11800,0
DA:11801,0
DA:11802,0
DA:11803,0
DA:11804,0
DA:11805,0
DA:11806,0
DA:11807,0
DA:11808,0
DA:11809,0
DA:11810,0
DA:11811,0
DA:11812,0
DA:11813,0
DA:11814,0
DA:11815,0
DA:11816,0
DA:11817,0
DA:11818,0
DA:11819,0
DA:11820,0
DA:11821,0
DA:11822,0
DA:11823,0
LF:5173
LH:825
end_of_record
SF:lib\core\database\app_database.dart
DA:42,4
DA:44,4
DA:47,4
DA:48,4
DA:49,4
DA:50,4
DA:52,0
DA:55,0
DA:58,0
DA:60,0
DA:63,0
DA:67,0
DA:72,0
DA:76,0
DA:80,0
DA:84,0
DA:88,0
DA:92,0
DA:93,0
DA:97,0
DA:101,0
DA:104,0
DA:107,0
DA:111,0
DA:114,0
DA:117,0
DA:119,0
DA:124,0
DA:128,0
DA:133,0
DA:136,0
DA:138,0
DA:143,0
DA:146,0
DA:148,0
DA:153,0
DA:157,0
DA:160,0
DA:163,0
DA:166,0
DA:168,0
DA:173,0
DA:176,0
DA:178,0
DA:183,0
DA:186,0
DA:188,0
DA:193,0
DA:196,0
DA:198,0
DA:203,0
DA:206,0
DA:208,0
DA:213,0
DA:216,0
DA:218,0
DA:223,0
DA:226,0
DA:228,0
DA:231,0
DA:234,0
DA:237,0
DA:239,0
DA:243,0
DA:246,0
DA:248,0
DA:252,0
DA:255,0
DA:257,0
DA:262,0
DA:265,0
DA:267,0
DA:271,0
DA:274,0
DA:276,0
DA:279,0
DA:282,0
DA:283,0
DA:285,0
DA:288,0
DA:291,0
DA:292,0
DA:294,0
DA:297,0
DA:299,0
DA:300,0
DA:302,0
DA:305,0
DA:308,0
DA:309,0
DA:311,0
DA:314,0
DA:317,0
DA:320,0
DA:322,0
DA:326,0
DA:327,0
DA:329,0
DA:333,0
DA:336,0
DA:340,0
DA:341,0
DA:346,0
DA:349,0
DA:351,0
DA:354,0
DA:357,0
DA:358,0
DA:360,0
DA:364,0
DA:365,0
DA:367,0
DA:368,0
DA:372,0
DA:375,0
DA:376,0
DA:378,0
DA:381,0
DA:384,0
DA:387,0
DA:389,0
DA:392,0
DA:395,0
DA:396,0
DA:398,0
DA:399,0
DA:403,0
DA:406,0
DA:407,0
DA:409,0
DA:413,0
DA:414,0
DA:416,0
DA:420,4
DA:422,4
DA:424,4
DA:426,8
DA:427,16
DA:431,4
DA:432,4
DA:433,4
DA:436,8
DA:439,4
DA:443,0
DA:447,4
DA:451,0
DA:455,4
DA:459,0
DA:463,4
DA:467,0
DA:471,4
DA:475,0
DA:479,4
DA:483,0
DA:489,4
DA:491,4
DA:492,4
DA:493,16
DA:497,0
DA:500,0
DA:503,0
DA:506,0
DA:509,0
DA:511,0
DA:516,4
DA:517,0
DA:519,8
LF:167
LH:27
end_of_record
SF:lib\core\provider\app_database_provider.dart
DA:11,3
DA:12,0
DA:13,0
DA:18,0
DA:19,0
DA:22,0
DA:23,0
DA:24,0
DA:25,0
DA:26,0
DA:29,0
DA:30,0
DA:33,0
DA:34,0
DA:37,0
DA:50,0
DA:52,0
DA:54,0
DA:58,0
DA:60,0
DA:62,0
DA:63,0
DA:66,0
DA:68,0
DA:69,0
DA:74,0
DA:77,0
DA:78,0
DA:81,0
LF:29
LH:1
end_of_record
SF:lib\l10n\app_localizations.dart
DA:65,1
DA:66,2
DA:70,1
DA:71,1
DA:1958,2
DA:1960,1
DA:1962,2
DA:1965,1
DA:1967,3
DA:1969,0
DA:1973,1
DA:1975,1
DA:1976,1
DA:1977,1
DA:1978,0
DA:1979,0
DA:1982,0
LF:17
LH:13
end_of_record
SF:lib\ui\product\widgets\add_product_page.dart
DA:12,0
DA:14,0
DA:16,0
DA:26,0
DA:27,0
DA:29,0
DA:30,0
DA:31,0
DA:32,0
DA:33,0
DA:34,0
DA:35,0
DA:37,0
DA:42,0
DA:43,0
DA:44,0
DA:45,0
DA:46,0
DA:50,0
DA:53,0
DA:54,0
DA:55,0
DA:56,0
DA:57,0
DA:66,0
DA:68,0
DA:69,0
DA:70,0
DA:71,0
DA:72,0
DA:75,0
DA:77,0
DA:78,0
DA:79,0
DA:82,0
DA:83,0
DA:84,0
DA:85,0
DA:86,0
DA:87,0
DA:89,0
DA:93,0
DA:94,0
DA:95,0
DA:97,0
DA:99,0
DA:100,0
DA:101,0
DA:102,0
DA:103,0
DA:105,0
DA:106,0
DA:107,0
DA:115,0
DA:116,0
DA:118,0
DA:119,0
DA:121,0
DA:122,0
DA:123,0
DA:125,0
DA:127,0
DA:128,0
DA:129,0
DA:137,0
DA:138,0
DA:139,0
DA:140,0
DA:141,0
DA:143,0
DA:144,0
DA:145,0
DA:147,0
DA:149,0
DA:150,0
DA:151,0
DA:159,0
DA:160,0
DA:161,0
DA:162,0
DA:169,0
DA:171,0
DA:172,0
DA:173,0
DA:174,0
DA:176,0
DA:178,0
DA:179,0
DA:180,0
DA:181,0
LF:90
LH:0
end_of_record
SF:lib\core\config\theme.dart
DA:6,2
DA:7,2
DA:21,2
DA:28,2
DA:29,2
DA:36,2
DA:37,0
DA:40,0
DA:45,2
DA:47,2
DA:48,0
DA:57,2
DA:58,2
DA:72,2
DA:79,2
DA:87,2
DA:90,2
DA:91,2
DA:94,2
DA:95,2
DA:98,2
DA:99,2
DA:103,2
DA:104,2
DA:105,2
DA:116,2
DA:123,2
DA:124,0
DA:127,0
DA:132,2
DA:134,2
DA:135,0
DA:144,2
DA:147,2
DA:148,2
DA:149,4
DA:152,2
DA:163,2
DA:164,2
DA:173,2
LF:40
LH:34
end_of_record
SF:lib\core\database\tables\product_table.dart
DA:4,0
DA:5,0
DA:6,0
DA:7,0
DA:8,0
DA:10,0
DA:11,0
DA:12,0
DA:13,0
DA:14,0
DA:15,0
LF:11
LH:0
end_of_record
SF:lib\core\database\tables\customer_table.dart
DA:4,0
DA:5,0
DA:6,0
DA:7,0
DA:8,0
DA:9,0
DA:10,0
DA:11,0
DA:12,0
DA:14,0
DA:16,0
DA:17,0
LF:12
LH:0
end_of_record
SF:lib\core\database\tables\supplier_table.dart
DA:4,0
DA:5,0
DA:6,0
DA:7,0
DA:8,0
DA:9,0
DA:10,0
DA:11,0
DA:13,0
DA:14,0
LF:10
LH:0
end_of_record
SF:lib\core\database\tables\ledger_transactions_table.dart
DA:4,0
DA:5,0
DA:6,0
DA:7,0
DA:8,0
DA:9,0
DA:10,0
DA:11,0
DA:12,0
DA:13,0
DA:14,0
DA:15,0
DA:16,0
DA:17,0
DA:18,0
DA:19,0
DA:21,0
DA:22,0
LF:18
LH:0
end_of_record
SF:lib\core\database\tables\invoice_table.dart
DA:4,0
DA:6,0
DA:7,0
DA:8,0
DA:9,0
DA:10,0
DA:11,0
DA:12,0
DA:13,0
DA:14,0
DA:15,0
DA:16,0
DA:17,0
DA:18,0
DA:19,0
DA:21,0
DA:23,0
DA:24,0
LF:18
LH:0
end_of_record
SF:lib\core\database\tables\invoice_items_table.dart
DA:5,0
DA:7,0
DA:8,0
DA:9,0
DA:10,0
DA:12,0
DA:13,0
DA:14,0
LF:8
LH:0
end_of_record
SF:lib\core\database\tables\expenses_table.dart
DA:4,0
DA:6,0
DA:7,0
DA:9,0
DA:11,0
DA:12,0
DA:14,0
DA:15,0
DA:17,0
DA:18,0
DA:20,0
DA:21,0
DA:23,0
DA:24,0
DA:26,0
DA:28,0
DA:29,0
DA:31,0
DA:32,0
LF:19
LH:0
end_of_record
SF:lib\core\database\tables\day_table.dart
DA:4,0
DA:5,0
DA:6,0
DA:7,0
DA:8,0
DA:9,0
DA:10,0
DA:11,0
DA:13,0
DA:14,0
LF:10
LH:0
end_of_record
SF:lib\core\database\tables\purchase_table.dart
DA:4,0
DA:6,0
DA:8,0
DA:10,0
DA:12,0
DA:14,0
DA:15,0
DA:17,0
DA:18,0
DA:20,0
DA:22,0
DA:24,0
DA:26,0
DA:28,0
DA:31,0
DA:32,0
DA:34,0
DA:35,0
LF:18
LH:0
end_of_record
SF:lib\core\database\tables\purchase_items_table.dart
DA:4,0
DA:6,0
DA:8,0
DA:10,0
DA:12,0
DA:14,0
DA:15,0
DA:17,0
DA:19,0
DA:20,0
DA:22,0
DA:23,0
DA:25,0
DA:26,0
DA:28,0
DA:30,0
DA:33,0
DA:34,0
DA:36,0
DA:37,0
LF:20
LH:0
end_of_record
SF:lib\core\database\tables\credit_payments_table.dart
DA:6,0
DA:7,0
DA:8,0
DA:9,0
DA:10,0
LF:5
LH:0
end_of_record
SF:lib\core\database\tables\employees_table.dart
DA:5,0
DA:6,0
DA:7,0
DA:8,0
DA:9,0
DA:10,0
DA:11,0
DA:12,0
DA:14,0
DA:16,0
DA:17,0
LF:11
LH:0
end_of_record
SF:lib\core\database\tables\sales_table.dart
DA:5,0
DA:6,0
DA:7,0
DA:8,0
DA:9,0
DA:10,0
DA:11,0
DA:13,0
DA:14,0
DA:15,0
DA:17,0
DA:18,0
LF:12
LH:0
end_of_record
SF:lib\core\database\dao\credit_payments_dao.dart
DA:10,0
DA:12,0
DA:13,0
DA:14,0
DA:15,0
DA:18,0
DA:19,0
DA:21,0
DA:24,0
DA:25,0
DA:27,0
DA:28,0
DA:31,0
DA:32,0
DA:35,0
DA:36,0
DA:39,0
DA:40,0
DA:43,0
DA:44,0
DA:45,0
DA:46,0
DA:48,0
DA:51,0
DA:52,0
DA:53,0
DA:54,0
DA:56,0
LF:28
LH:0
end_of_record
SF:lib\core\database\dao\credit_payments_dao.g.dart
DA:7,0
DA:8,0
LF:2
LH:0
end_of_record
SF:lib\core\database\dao\customer_dao.g.dart
DA:7,3
LF:1
LH:1
end_of_record
SF:lib\core\database\dao\customer_dao.dart
DA:12,1
DA:15,4
DA:17,0
DA:19,1
DA:20,3
DA:22,0
DA:23,0
DA:25,0
DA:26,0
DA:27,0
DA:28,0
DA:32,0
DA:33,0
DA:34,0
DA:36,0
DA:37,0
DA:40,0
DA:41,0
DA:44,0
DA:45,0
DA:46,0
DA:48,0
DA:51,1
DA:68,1
DA:69,1
DA:71,2
DA:72,4
DA:73,2
DA:74,2
DA:75,2
DA:80,7
DA:90,1
LF:32
LH:14
end_of_record
SF:lib\core\database\dao\employees_dao.dart
DA:11,0
DA:13,0
DA:15,0
DA:16,0
DA:18,0
DA:19,0
DA:21,0
DA:22,0
DA:24,0
DA:25,0
DA:28,0
DA:29,0
DA:42,0
DA:43,0
DA:44,0
DA:45,0
DA:46,0
DA:47,0
DA:48,0
DA:49,0
DA:51,0
DA:55,0
DA:58,0
DA:59,0
DA:61,0
DA:62,0
DA:64,0
DA:67,0
DA:68,0
DA:70,0
DA:71,0
DA:74,0
DA:75,0
DA:77,0
DA:79,0
DA:90,0
LF:36
LH:0
end_of_record
SF:lib\core\database\dao\employees_dao.g.dart
DA:7,0
DA:8,0
LF:2
LH:0
end_of_record
SF:lib\core\database\dao\expense_dao.g.dart
DA:7,0
LF:1
LH:0
end_of_record
SF:lib\core\database\dao\expense_dao.dart
DA:10,0
DA:12,0
DA:14,0
DA:15,0
DA:16,0
DA:17,0
DA:18,0
DA:20,0
DA:22,0
DA:23,0
DA:24,0
DA:25,0
DA:26,0
DA:28,0
DA:30,0
DA:31,0
DA:32,0
DA:33,0
DA:34,0
DA:35,0
DA:38,0
DA:39,0
DA:41,0
DA:42,0
DA:43,0
DA:45,0
DA:46,0
DA:48,0
DA:49,0
DA:52,0
DA:55,0
DA:58,0
DA:59,0
DA:60,0
DA:61,0
DA:66,0
DA:67,0
DA:68,0
DA:70,0
DA:73,0
DA:74,0
DA:76,0
DA:77,0
LF:43
LH:0
end_of_record
SF:lib\core\database\dao\invoice_dao.g.dart
DA:7,3
DA:8,0
DA:9,0
LF:3
LH:1
end_of_record
SF:lib\core\database\dao\invoice_dao.dart
DA:10,1
DA:13,0
DA:15,0
DA:17,1
DA:18,3
DA:20,0
DA:21,0
DA:23,0
DA:24,0
DA:27,0
DA:28,0
DA:29,0
DA:30,0
DA:33,0
DA:34,0
DA:36,0
DA:37,0
DA:38,0
DA:39,0
DA:43,0
DA:44,0
DA:45,0
DA:46,0
DA:49,0
DA:52,0
DA:53,0
DA:54,0
DA:56,0
DA:57,0
DA:58,0
DA:62,0
DA:63,0
DA:64,0
DA:66,0
DA:67,0
DA:68,0
DA:69,0
DA:71,0
DA:74,1
DA:75,2
DA:76,4
DA:77,2
DA:78,3
DA:80,1
DA:83,1
DA:88,2
DA:89,4
DA:90,7
DA:91,2
DA:92,3
DA:94,1
DA:97,0
DA:98,0
DA:100,0
DA:101,0
DA:102,0
DA:103,0
DA:104,0
DA:112,0
DA:113,0
DA:114,0
DA:116,0
DA:119,0
DA:120,0
DA:121,0
DA:124,0
LF:66
LH:16
end_of_record
SF:lib\core\database\dao\ledger_dao.g.dart
DA:7,2
DA:8,4
LF:2
LH:2
end_of_record
SF:lib\core\database\dao\ledger_dao.dart
DA:10,2
DA:12,0
DA:13,0
DA:15,0
DA:16,0
DA:17,0
DA:18,0
DA:20,0
DA:21,0
DA:23,0
DA:27,0
DA:28,0
DA:29,0
DA:30,0
DA:32,0
DA:33,0
DA:35,0
DA:37,1
DA:43,2
DA:44,1
DA:45,1
DA:46,3
DA:47,3
DA:48,2
DA:50,2
DA:51,3
DA:53,1
DA:55,0
DA:59,0
DA:61,0
DA:65,0
DA:66,0
DA:67,0
DA:68,0
DA:70,0
DA:72,2
DA:75,4
DA:76,4
DA:77,0
DA:78,4
DA:79,6
DA:80,2
DA:81,0
DA:84,4
DA:85,2
DA:86,10
DA:88,1
DA:93,2
DA:94,6
DA:95,1
DA:96,4
DA:97,3
DA:101,0
DA:104,1
DA:106,2
DA:107,3
DA:108,3
DA:109,2
DA:114,0
DA:115,0
DA:117,0
DA:118,0
DA:124,0
DA:125,0
DA:126,0
DA:128,0
DA:131,0
DA:137,0
DA:144,0
DA:148,0
DA:149,0
DA:152,0
DA:156,0
DA:157,0
DA:158,0
DA:159,0
DA:169,0
DA:171,0
DA:172,0
DA:173,0
DA:174,0
DA:177,0
DA:179,0
DA:180,0
DA:181,0
DA:182,0
DA:183,0
DA:184,0
DA:187,2
DA:189,6
DA:190,2
DA:191,6
DA:192,4
DA:194,2
DA:196,4
DA:197,8
DA:201,0
DA:203,0
DA:204,0
DA:205,0
DA:206,0
DA:208,0
DA:210,0
DA:211,0
DA:215,0
DA:216,0
DA:223,0
DA:224,0
DA:232,0
LF:109
LH:39
end_of_record
SF:lib\core\database\dao\product_dao.dart
DA:11,1
DA:13,0
DA:14,4
DA:15,1
DA:16,3
DA:17,0
DA:18,0
DA:20,0
DA:21,0
DA:22,0
DA:24,0
DA:25,0
DA:28,0
DA:29,0
DA:32,0
DA:33,0
DA:34,0
DA:36,0
DA:40,0
DA:41,0
DA:42,0
DA:44,0
DA:48,0
DA:49,0
DA:50,0
DA:51,0
DA:55,0
DA:56,0
DA:57,0
DA:58,0
DA:59,0
DA:61,0
DA:65,0
DA:70,0
DA:72,0
DA:73,0
DA:76,0
DA:77,0
DA:80,0
DA:81,0
DA:84,0
LF:41
LH:4
end_of_record
SF:lib\core\database\dao\product_dao.g.dart
DA:7,3
LF:1
LH:1
end_of_record
SF:lib\core\database\dao\purchase_dao.dart
DA:10,0
DA:13,0
DA:14,0
DA:15,0
DA:16,0
DA:17,0
DA:18,0
DA:22,0
DA:26,0
DA:27,0
DA:28,0
DA:29,0
DA:32,0
DA:33,0
DA:34,0
DA:36,0
DA:39,0
DA:40,0
DA:41,0
DA:42,0
DA:43,0
DA:44,0
DA:46,0
DA:47,0
DA:48,0
DA:52,0
DA:56,0
DA:57,0
DA:58,0
DA:59,0
DA:61,0
DA:65,0
DA:66,0
DA:67,0
DA:70,0
DA:82,0
DA:84,0
DA:85,0
DA:86,0
DA:87,0
DA:89,0
DA:91,0
DA:92,0
DA:93,0
DA:94,0
DA:95,0
DA:96,0
DA:97,0
DA:98,0
DA:99,0
DA:104,0
DA:105,0
DA:106,0
DA:107,0
DA:108,0
DA:109,0
DA:110,0
DA:111,0
DA:112,0
DA:115,0
DA:116,0
DA:117,0
DA:119,0
DA:122,0
DA:123,0
DA:126,0
DA:127,0
DA:128,0
DA:129,0
DA:130,0
DA:131,0
DA:132,0
DA:133,0
DA:134,0
DA:135,0
DA:136,0
DA:137,0
DA:142,0
DA:143,0
DA:144,0
DA:146,0
DA:149,0
DA:152,0
DA:155,0
DA:157,0
DA:158,0
DA:159,0
DA:160,0
DA:161,0
DA:171,0
DA:172,0
DA:173,0
DA:178,0
DA:179,0
DA:180,0
DA:185,0
DA:186,0
DA:187,0
DA:188,0
DA:189,0
DA:190,0
DA:192,0
DA:193,0
DA:197,0
DA:199,0
DA:200,0
DA:202,0
DA:204,0
DA:205,0
DA:207,0
DA:209,0
DA:210,0
DA:212,0
DA:214,0
LF:114
LH:0
end_of_record
SF:lib\core\database\dao\purchase_dao.g.dart
DA:7,0
DA:8,0
LF:2
LH:0
end_of_record
SF:lib\core\database\dao\supplier_dao.g.dart
DA:7,0
LF:1
LH:0
end_of_record
SF:lib\core\database\dao\supplier_dao.dart
DA:11,0
DA:13,0
DA:15,0
DA:16,0
DA:18,0
DA:19,0
DA:21,0
DA:22,0
DA:23,0
DA:24,0
DA:25,0
DA:26,0
DA:29,0
DA:30,0
DA:32,0
DA:33,0
DA:35,0
DA:36,0
DA:37,0
DA:40,0
DA:42,0
DA:43,0
DA:45,0
DA:47,0
DA:48,0
DA:52,0
DA:53,0
DA:55,0
DA:56,0
LF:29
LH:0
end_of_record
SF:lib\core\database\dao\day_dao.dart
DA:7,0
DA:9,0
DA:10,0
DA:11,0
DA:12,0
DA:14,0
DA:16,0
DA:17,0
DA:19,0
DA:22,0
DA:25,0
DA:28,0
DA:30,0
DA:31,0
DA:32,0
DA:33,0
DA:34,0
DA:38,0
DA:40,0
DA:42,0
DA:45,0
DA:46,0
DA:48,0
DA:49,0
DA:50,0
DA:51,0
DA:52,0
DA:58,0
DA:63,0
DA:65,0
DA:66,0
DA:67,0
DA:68,0
DA:69,0
DA:74,0
DA:75,0
DA:76,0
DA:77,0
DA:80,0
DA:81,0
DA:83,0
DA:84,0
DA:87,0
DA:88,0
DA:90,0
LF:45
LH:0
end_of_record
SF:lib\core\router\go_router.dart
DA:7,1
DA:8,1
DA:10,1
DA:11,1
DA:13,2
DA:19,7
DA:20,2
DA:21,1
LF:8
LH:8
end_of_record
SF:lib\core\services\account_statement_generator.dart
DA:17,0
DA:21,0
DA:24,0
DA:28,0
DA:31,0
DA:33,0
DA:35,0
DA:36,0
DA:37,0
DA:43,0
DA:44,0
DA:48,0
DA:54,0
DA:56,0
DA:63,0
DA:71,0
DA:75,0
DA:78,0
DA:86,0
DA:89,0
DA:92,0
DA:93,0
DA:96,0
DA:97,0
DA:98,0
DA:99,0
DA:101,0
DA:102,0
DA:103,0
DA:108,0
DA:111,0
DA:117,0
DA:119,0
DA:121,0
DA:122,0
DA:123,0
DA:124,0
DA:131,0
DA:132,0
DA:134,0
DA:135,0
DA:138,0
DA:140,0
DA:141,0
DA:142,0
DA:143,0
DA:144,0
DA:145,0
DA:146,0
DA:149,0
DA:150,0
DA:151,0
DA:152,0
DA:159,0
DA:160,0
DA:161,0
DA:162,0
DA:165,0
DA:166,0
DA:167,0
DA:177,0
DA:178,0
DA:180,0
DA:181,0
DA:182,0
DA:184,0
DA:185,0
DA:186,0
DA:193,0
DA:194,0
DA:196,0
DA:203,0
DA:206,0
DA:207,0
DA:210,0
DA:211,0
DA:212,0
DA:218,0
DA:220,0
DA:221,0
DA:222,0
DA:232,0
DA:234,0
DA:236,0
DA:237,0
DA:238,0
DA:241,0
DA:242,0
DA:245,0
DA:246,0
DA:249,0
DA:250,0
DA:253,0
DA:254,0
DA:257,0
DA:258,0
DA:261,0
DA:262,0
DA:268,0
DA:269,0
DA:270,0
DA:271,0
DA:272,0
DA:274,0
DA:275,0
DA:276,0
DA:278,0
DA:279,0
DA:280,0
DA:281,0
DA:282,0
DA:283,0
DA:285,0
DA:286,0
DA:289,0
DA:290,0
DA:291,0
DA:292,0
DA:293,0
DA:294,0
DA:295,0
DA:308,0
DA:309,0
DA:312,0
DA:313,0
DA:314,0
DA:324,0
DA:325,0
DA:326,0
DA:327,0
DA:328,0
DA:329,0
DA:330,0
DA:332,0
DA:335,0
DA:336,0
DA:337,0
DA:338,0
DA:339,0
DA:341,0
DA:349,0
DA:350,0
DA:354,0
DA:357,0
DA:366,0
DA:375,0
DA:376,0
DA:377,0
LF:148
LH:0
end_of_record
SF:lib\core\services\export_service.dart
DA:19,0
DA:26,0
DA:31,0
DA:34,0
DA:36,0
DA:38,0
DA:43,0
DA:48,0
DA:51,0
DA:53,0
DA:55,0
DA:60,0
DA:64,0
DA:71,0
DA:74,0
DA:75,0
DA:76,0
DA:77,0
DA:81,0
DA:85,0
DA:86,0
DA:87,0
DA:88,0
DA:92,0
DA:93,0
DA:96,0
DA:98,0
DA:99,0
DA:101,0
DA:102,0
DA:103,0
DA:104,0
DA:105,0
DA:109,0
DA:110,0
DA:112,0
DA:115,0
DA:118,0
DA:119,0
DA:121,0
DA:127,0
DA:128,0
DA:129,0
DA:138,0
DA:141,0
DA:142,0
DA:143,0
DA:148,0
DA:149,0
DA:150,0
DA:161,0
DA:163,0
DA:167,0
DA:168,0
DA:174,0
DA:180,0
DA:186,0
DA:192,0
DA:198,0
DA:204,0
DA:213,0
DA:214,0
DA:215,0
DA:216,0
DA:217,0
DA:218,0
DA:222,0
DA:223,0
DA:224,0
DA:228,0
DA:229,0
DA:233,0
DA:234,0
DA:238,0
DA:239,0
DA:243,0
DA:244,0
DA:248,0
DA:249,0
DA:253,0
DA:254,0
DA:266,0
DA:269,0
DA:271,0
DA:272,0
DA:273,0
DA:274,0
DA:279,0
DA:285,0
DA:287,0
DA:294,0
DA:295,0
DA:296,0
DA:297,0
DA:299,0
DA:313,0
DA:318,0
DA:319,0
DA:320,0
DA:325,0
DA:327,0
DA:331,0
DA:332,0
DA:333,0
DA:335,0
DA:337,0
DA:338,0
DA:341,0
DA:342,0
DA:343,0
DA:344,0
DA:352,0
DA:359,0
DA:360,0
DA:363,0
DA:370,0
DA:376,0
DA:383,0
DA:384,0
DA:386,0
DA:387,0
DA:395,0
DA:396,0
DA:397,0
DA:401,0
DA:402,0
DA:403,0
DA:405,0
DA:406,0
DA:410,0
DA:411,0
DA:412,0
DA:413,0
DA:414,0
DA:416,0
DA:420,0
DA:421,0
DA:424,0
DA:425,0
DA:426,0
DA:427,0
DA:428,0
DA:429,0
DA:430,0
DA:431,0
DA:433,0
DA:435,0
DA:436,0
DA:442,0
DA:443,0
DA:447,0
DA:448,0
DA:449,0
DA:450,0
DA:451,0
DA:456,0
DA:457,0
DA:459,0
DA:460,0
DA:462,0
DA:469,0
DA:470,0
DA:471,0
DA:473,0
DA:476,0
DA:477,0
DA:480,0
DA:481,0
DA:482,0
DA:486,0
DA:487,0
DA:489,0
DA:491,0
DA:500,0
DA:501,0
DA:503,0
DA:506,0
DA:512,0
DA:518,0
DA:520,0
DA:521,0
DA:522,0
DA:525,0
DA:526,0
DA:527,0
DA:528,0
DA:537,0
DA:543,0
DA:545,0
DA:546,0
DA:547,0
DA:550,0
DA:551,0
DA:552,0
DA:553,0
DA:564,0
DA:571,0
DA:574,0
DA:576,0
DA:578,0
DA:583,0
DA:586,0
DA:587,0
DA:590,0
DA:594,0
DA:597,0
DA:598,0
DA:601,0
DA:604,0
DA:606,0
DA:607,0
DA:610,0
DA:611,0
DA:613,0
DA:614,0
DA:615,0
DA:616,0
DA:617,0
DA:618,0
DA:625,0
DA:627,0
DA:630,0
DA:633,0
DA:639,0
DA:641,0
DA:642,0
DA:645,0
DA:648,0
DA:650,0
DA:652,0
DA:653,0
DA:654,0
DA:655,0
DA:657,0
DA:659,0
DA:663,0
DA:664,0
DA:665,0
DA:667,0
DA:669,0
DA:676,0
DA:679,0
DA:680,0
DA:681,0
DA:683,0
DA:685,0
DA:694,0
DA:697,0
DA:698,0
DA:699,0
DA:707,0
DA:709,0
DA:711,0
DA:712,0
DA:718,0
DA:724,0
DA:733,0
DA:734,0
DA:735,0
DA:736,0
DA:737,0
DA:741,0
DA:742,0
DA:743,0
DA:747,0
DA:748,0
DA:752,0
DA:753,0
DA:757,0
DA:758,0
DA:762,0
DA:763,0
DA:767,0
DA:768,0
DA:779,0
DA:782,0
DA:783,0
DA:784,0
DA:785,0
DA:787,0
DA:791,0
DA:792,0
DA:793,0
DA:807,0
DA:808,0
DA:809,0
DA:812,0
DA:813,0
DA:815,0
DA:817,0
DA:818,0
DA:819,0
DA:820,0
DA:822,0
DA:823,0
DA:824,0
DA:825,0
DA:830,0
DA:833,0
DA:834,0
DA:835,0
DA:836,0
DA:838,0
DA:839,0
DA:840,0
DA:841,0
DA:843,0
DA:849,0
DA:851,0
DA:852,0
DA:854,0
DA:855,0
DA:857,0
DA:858,0
DA:860,0
DA:863,0
DA:864,0
DA:865,0
DA:869,0
DA:873,0
DA:876,0
DA:878,0
DA:880,0
DA:882,0
DA:884,0
DA:886,0
DA:887,0
DA:889,0
DA:890,0
DA:892,0
DA:897,0
DA:900,0
DA:901,0
DA:904,0
DA:908,0
DA:911,0
DA:912,0
DA:915,0
DA:918,0
DA:920,0
DA:921,0
DA:924,0
DA:926,0
DA:927,0
DA:929,0
DA:930,0
DA:931,0
DA:932,0
DA:933,0
DA:934,0
DA:941,0
DA:942,0
DA:944,0
DA:947,0
DA:950,0
DA:951,0
DA:952,0
DA:953,0
DA:955,0
DA:959,0
DA:960,0
DA:961,0
DA:963,0
DA:966,0
DA:967,0
DA:968,0
DA:969,0
DA:971,0
DA:974,0
DA:975,0
DA:976,0
DA:977,0
DA:978,0
DA:980,0
DA:983,0
DA:985,0
DA:986,0
DA:987,0
DA:989,0
DA:995,0
DA:998,0
DA:999,0
DA:1000,0
DA:1007,0
DA:1009,0
DA:1013,0
DA:1014,0
DA:1019,0
DA:1024,0
DA:1029,0
DA:1034,0
DA:1042,0
DA:1043,0
DA:1044,0
DA:1045,0
DA:1046,0
DA:1050,0
DA:1051,0
DA:1055,0
DA:1056,0
DA:1060,0
DA:1061,0
DA:1065,0
DA:1066,0
DA:1076,0
DA:1079,0
DA:1080,0
DA:1081,0
DA:1082,0
DA:1083,0
DA:1084,0
DA:1096,0
DA:1100,0
DA:1101,0
DA:1103,0
DA:1107,0
DA:1110,0
DA:1114,0
DA:1115,0
DA:1116,0
DA:1117,0
DA:1119,0
DA:1120,0
DA:1125,0
DA:1130,0
DA:1132,0
DA:1133,0
DA:1134,0
DA:1135,0
DA:1136,0
DA:1138,0
DA:1139,0
DA:1140,0
DA:1142,0
DA:1143,0
DA:1144,0
DA:1145,0
DA:1147,0
DA:1148,0
DA:1151,0
DA:1153,0
DA:1156,0
DA:1166,0
DA:1177,0
DA:1182,0
DA:1186,0
DA:1191,0
DA:1194,0
DA:1195,0
DA:1196,0
DA:1197,0
DA:1201,0
DA:1205,0
DA:1208,0
DA:1209,0
DA:1210,0
DA:1211,0
DA:1215,0
DA:1218,0
DA:1219,0
DA:1222,0
DA:1223,0
DA:1225,0
DA:1226,0
DA:1228,0
DA:1229,0
DA:1230,0
DA:1231,0
DA:1232,0
DA:1235,0
DA:1242,0
DA:1243,0
DA:1244,0
DA:1245,0
DA:1247,0
DA:1251,0
DA:1252,0
DA:1253,0
DA:1255,0
DA:1261,0
DA:1264,0
DA:1265,0
DA:1266,0
DA:1272,0
DA:1274,0
DA:1278,0
DA:1279,0
DA:1280,0
DA:1283,0
DA:1284,0
DA:1287,0
DA:1288,0
DA:1291,0
DA:1292,0
DA:1298,0
DA:1299,0
DA:1300,0
DA:1301,0
DA:1302,0
DA:1303,0
DA:1304,0
DA:1305,0
DA:1306,0
DA:1309,0
DA:1310,0
DA:1313,0
DA:1314,0
DA:1315,0
DA:1317,0
DA:1319,0
DA:1332,0
DA:1335,0
DA:1336,0
DA:1338,0
DA:1352,0
DA:1353,0
DA:1354,0
DA:1355,0
DA:1360,0
DA:1364,0
DA:1370,0
DA:1373,0
DA:1374,0
DA:1375,0
DA:1376,0
DA:1377,0
DA:1378,0
DA:1383,0
DA:1386,0
DA:1387,0
DA:1388,0
DA:1389,0
DA:1390,0
DA:1391,0
DA:1396,0
DA:1399,0
DA:1400,0
DA:1403,0
DA:1404,0
DA:1406,0
DA:1407,0
DA:1409,0
DA:1410,0
DA:1411,0
DA:1412,0
DA:1413,0
DA:1414,0
DA:1421,0
DA:1422,0
DA:1423,0
DA:1424,0
DA:1426,0
DA:1430,0
DA:1431,0
DA:1432,0
DA:1434,0
DA:1440,0
DA:1443,0
DA:1444,0
DA:1445,0
DA:1451,0
DA:1453,0
DA:1457,0
DA:1458,0
DA:1459,0
DA:1462,0
DA:1463,0
DA:1466,0
DA:1467,0
DA:1470,0
DA:1471,0
DA:1477,0
DA:1478,0
DA:1479,0
DA:1480,0
DA:1481,0
DA:1482,0
DA:1483,0
DA:1484,0
DA:1487,0
DA:1488,0
DA:1491,0
DA:1492,0
DA:1493,0
DA:1503,0
DA:1506,0
DA:1507,0
DA:1522,0
DA:1523,0
DA:1526,0
DA:1530,0
DA:1531,0
DA:1533,0
DA:1534,0
DA:1537,0
DA:1538,0
DA:1539,0
DA:1540,0
DA:1545,0
DA:1546,0
DA:1551,0
DA:1555,0
DA:1558,0
DA:1559,0
DA:1562,0
DA:1564,0
DA:1566,0
DA:1569,0
DA:1574,0
DA:1576,0
DA:1577,0
DA:1578,0
DA:1579,0
DA:1583,0
DA:1584,0
DA:1585,0
DA:1587,0
DA:1590,0
DA:1595,0
DA:1599,0
DA:1600,0
DA:1601,0
DA:1602,0
DA:1604,0
DA:1605,0
DA:1606,0
DA:1607,0
DA:1610,0
DA:1611,0
DA:1612,0
DA:1613,0
DA:1614,0
DA:1615,0
DA:1616,0
DA:1618,0
DA:1619,0
DA:1620,0
DA:1629,0
DA:1630,0
DA:1632,0
DA:1633,0
DA:1634,0
DA:1637,0
DA:1645,0
DA:1649,0
DA:1650,0
DA:1651,0
DA:1652,0
DA:1653,0
DA:1660,0
DA:1662,0
DA:1663,0
DA:1664,0
DA:1666,0
LF:654
LH:0
end_of_record
SF:lib\core\services\printer_service.dart
DA:18,0
DA:22,0
DA:25,0
DA:29,0
DA:32,0
DA:34,0
DA:36,0
DA:37,0
DA:38,0
DA:44,0
DA:45,0
DA:49,0
DA:55,0
DA:57,0
DA:64,0
DA:72,0
DA:73,0
DA:75,0
DA:77,0
DA:78,0
DA:79,0
DA:83,0
DA:84,0
DA:86,0
DA:87,0
DA:88,0
DA:93,0
DA:99,0
DA:104,0
DA:106,0
DA:108,0
DA:109,0
DA:112,0
DA:113,0
DA:114,0
DA:116,0
DA:118,0
DA:120,0
DA:121,0
DA:123,0
DA:124,0
DA:126,0
DA:132,0
DA:133,0
DA:134,0
DA:135,0
DA:137,0
DA:138,0
DA:139,0
DA:143,0
DA:145,0
DA:153,0
DA:156,0
DA:157,0
DA:159,0
DA:160,0
DA:161,0
DA:163,0
DA:165,0
DA:166,0
DA:167,0
DA:168,0
DA:174,0
DA:175,0
DA:176,0
DA:177,0
DA:179,0
DA:180,0
DA:181,0
DA:182,0
DA:187,0
DA:191,0
DA:192,0
DA:193,0
DA:201,0
DA:203,0
DA:207,0
DA:208,0
DA:209,0
DA:210,0
DA:211,0
DA:212,0
DA:213,0
DA:217,0
DA:218,0
DA:219,0
DA:220,0
DA:221,0
DA:222,0
DA:223,0
DA:224,0
DA:225,0
DA:231,0
DA:234,0
DA:236,0
DA:237,0
DA:238,0
DA:240,0
DA:241,0
DA:242,0
DA:243,0
DA:244,0
DA:245,0
DA:247,0
DA:249,0
DA:257,0
DA:260,0
DA:262,0
DA:264,0
DA:265,0
DA:266,0
DA:267,0
DA:269,0
DA:270,0
DA:271,0
DA:272,0
DA:273,0
DA:276,0
DA:277,0
DA:279,0
DA:295,0
DA:296,0
DA:298,0
DA:301,0
DA:305,0
DA:306,0
DA:308,0
DA:310,0
DA:315,0
DA:321,0
DA:323,0
DA:325,0
DA:326,0
DA:328,0
DA:334,0
DA:335,0
DA:336,0
DA:348,0
DA:357,0
DA:360,0
DA:363,0
DA:364,0
DA:367,0
DA:369,0
DA:370,0
DA:371,0
DA:372,0
DA:382,0
DA:391,0
DA:395,0
DA:404,0
DA:406,0
DA:409,0
DA:411,0
DA:412,0
DA:415,0
DA:416,0
DA:430,0
DA:431,0
DA:432,0
DA:438,0
DA:439,0
DA:440,0
DA:447,0
DA:457,0
DA:458,0
DA:460,0
DA:461,0
DA:462,0
DA:463,0
DA:465,0
DA:472,0
DA:473,0
DA:474,0
DA:479,0
DA:482,0
DA:484,0
DA:486,0
DA:487,0
DA:488,0
DA:489,0
DA:491,0
DA:492,0
DA:496,0
DA:497,0
DA:500,0
DA:502,0
DA:505,0
DA:507,0
DA:508,0
DA:509,0
DA:510,0
DA:511,0
DA:513,0
DA:515,0
DA:517,0
DA:518,0
DA:519,0
DA:521,0
DA:522,0
DA:523,0
DA:524,0
DA:526,0
DA:529,0
DA:535,0
DA:538,0
DA:540,0
DA:541,0
DA:542,0
DA:551,0
DA:552,0
DA:555,0
DA:556,0
DA:557,0
DA:558,0
DA:561,0
DA:563,0
DA:571,0
DA:572,0
DA:573,0
DA:575,0
DA:577,0
DA:579,0
DA:586,0
DA:595,0
DA:597,0
DA:608,0
DA:617,0
DA:621,0
DA:623,0
DA:625,0
DA:626,0
DA:627,0
DA:637,0
DA:648,0
DA:649,0
DA:652,0
DA:653,0
DA:654,0
DA:655,0
DA:656,0
DA:657,0
DA:660,0
DA:663,0
DA:664,0
DA:666,0
DA:667,0
DA:668,0
DA:669,0
DA:671,0
DA:672,0
DA:679,0
DA:684,0
DA:686,0
DA:687,0
DA:688,0
DA:689,0
DA:690,0
DA:695,0
DA:696,0
DA:700,0
LF:261
LH:0
end_of_record
SF:lib\core\services\settings_service.dart
DA:11,0
DA:12,0
DA:13,0
DA:15,0
DA:17,0
DA:25,0
DA:26,0
DA:28,0
DA:29,0
DA:30,0
DA:32,0
DA:35,0
DA:36,0
DA:37,0
DA:40,0
DA:41,0
DA:42,0
DA:46,0
DA:47,0
DA:49,0
DA:51,0
DA:55,0
DA:56,0
DA:57,0
DA:60,0
DA:61,0
DA:63,0
DA:65,0
DA:69,0
DA:70,0
DA:71,0
LF:31
LH:0
end_of_record
SF:lib\core\services\purchases_pdf_service.dart
DA:11,0
DA:13,0
DA:14,0
DA:18,0
DA:19,0
DA:21,0
DA:23,0
DA:24,0
DA:26,0
DA:27,0
DA:28,0
DA:30,0
DA:32,0
DA:34,0
DA:36,0
DA:37,0
DA:39,0
DA:40,0
DA:42,0
DA:48,0
DA:49,0
DA:50,0
DA:51,0
DA:55,0
DA:57,0
DA:65,0
DA:68,0
DA:69,0
DA:72,0
DA:74,0
DA:80,0
DA:82,0
DA:83,0
DA:84,0
DA:91,0
DA:93,0
DA:95,0
DA:96,0
DA:97,0
DA:98,0
DA:99,0
DA:100,0
DA:104,0
DA:105,0
DA:106,0
DA:107,0
DA:108,0
DA:110,0
DA:111,0
DA:112,0
DA:113,0
DA:115,0
DA:116,0
DA:125,0
DA:128,0
DA:130,0
DA:131,0
DA:132,0
DA:133,0
DA:142,0
DA:143,0
DA:145,0
DA:149,0
DA:150,0
DA:152,0
DA:154,0
DA:156,0
DA:157,0
DA:159,0
DA:161,0
DA:163,0
DA:164,0
DA:166,0
DA:168,0
DA:169,0
DA:170,0
DA:171,0
DA:173,0
DA:179,0
DA:180,0
DA:181,0
DA:182,0
DA:191,0
DA:192,0
DA:193,0
DA:195,0
DA:201,0
DA:202,0
DA:203,0
DA:204,0
DA:213,0
DA:214,0
DA:215,0
DA:217,0
DA:223,0
DA:224,0
DA:225,0
DA:226,0
DA:240,0
DA:245,0
DA:247,0
DA:249,0
LF:102
LH:0
end_of_record
SF:lib\l10n\app_localizations_ar.dart
DA:9,2
DA:11,0
DA:14,1
DA:17,0
DA:20,0
DA:23,0
DA:26,1
DA:29,0
DA:32,1
DA:35,0
DA:38,0
DA:41,0
DA:44,0
DA:47,1
DA:50,1
DA:53,1
DA:56,1
DA:59,0
DA:62,0
DA:65,0
DA:68,0
DA:71,0
DA:74,0
DA:77,0
DA:80,0
DA:83,0
DA:86,0
DA:89,0
DA:92,0
DA:95,0
DA:98,1
DA:101,1
DA:104,0
DA:107,0
DA:110,0
DA:113,0
DA:116,0
DA:119,0
DA:122,0
DA:125,0
DA:128,0
DA:131,0
DA:134,0
DA:137,1
DA:140,0
DA:143,0
DA:146,0
DA:149,0
DA:152,0
DA:155,0
DA:158,0
DA:161,0
DA:164,0
DA:167,0
DA:170,0
DA:173,0
DA:176,0
DA:179,0
DA:182,0
DA:185,0
DA:188,0
DA:191,0
DA:194,0
DA:197,0
DA:200,0
DA:203,0
DA:206,0
DA:209,0
DA:212,0
DA:215,0
DA:218,1
DA:221,0
DA:224,0
DA:227,0
DA:230,0
DA:233,0
DA:236,0
DA:239,0
DA:242,0
DA:245,0
DA:248,0
DA:251,0
DA:254,0
DA:257,0
DA:260,0
DA:263,0
DA:266,0
DA:269,0
DA:272,0
DA:275,1
DA:278,0
DA:281,0
DA:284,0
DA:287,1
DA:290,0
DA:293,0
DA:296,0
DA:299,0
DA:302,0
DA:305,0
DA:308,0
DA:311,0
DA:314,0
DA:317,0
DA:320,0
DA:323,0
DA:326,0
DA:329,0
DA:332,0
DA:335,0
DA:338,0
DA:341,0
DA:344,0
DA:347,0
DA:350,0
DA:353,0
DA:356,0
DA:359,0
DA:362,0
DA:365,0
DA:368,0
DA:371,0
DA:374,0
DA:377,0
DA:380,0
DA:383,0
DA:386,0
DA:389,0
DA:392,0
DA:395,0
DA:398,0
DA:401,0
DA:404,0
DA:407,0
DA:410,0
DA:413,0
DA:416,0
DA:419,0
DA:422,0
DA:425,0
DA:428,0
DA:431,0
DA:434,0
DA:437,0
DA:440,0
DA:443,0
DA:446,1
DA:449,0
DA:452,0
DA:455,0
DA:458,0
DA:461,0
DA:464,0
DA:467,0
DA:470,0
DA:473,0
DA:476,0
DA:479,1
DA:482,0
DA:485,0
DA:488,0
DA:491,0
DA:494,0
DA:497,0
DA:500,0
DA:503,0
DA:506,1
DA:509,1
DA:512,0
DA:515,0
DA:518,0
DA:521,0
DA:524,0
DA:527,0
DA:530,0
DA:533,0
DA:536,0
DA:539,0
DA:542,0
DA:545,0
DA:548,0
DA:551,0
DA:554,0
DA:557,0
DA:560,0
DA:562,0
DA:565,0
DA:568,0
DA:571,0
DA:574,0
DA:577,0
DA:579,0
DA:582,0
DA:585,0
DA:587,0
DA:590,0
DA:593,1
DA:596,1
DA:599,1
DA:602,1
DA:605,1
DA:608,1
DA:611,1
DA:614,0
DA:617,0
DA:620,0
DA:623,0
DA:626,0
DA:629,0
DA:632,0
DA:635,0
DA:638,0
DA:641,0
DA:644,0
DA:647,0
DA:650,0
DA:653,0
DA:656,0
DA:659,0
DA:662,0
DA:665,0
DA:668,0
DA:671,0
DA:674,0
DA:677,0
DA:680,0
DA:683,0
DA:686,0
DA:689,0
DA:692,0
DA:695,0
DA:698,0
DA:701,0
DA:704,0
DA:707,0
DA:710,0
DA:713,0
DA:716,0
DA:719,0
DA:722,0
DA:725,0
DA:728,0
DA:731,0
DA:734,0
DA:737,0
DA:740,0
DA:743,0
DA:746,0
DA:749,0
DA:752,0
DA:755,0
DA:758,0
DA:761,0
DA:764,0
DA:767,0
DA:770,0
DA:773,0
DA:776,0
DA:779,0
DA:782,0
DA:785,0
DA:788,0
DA:791,0
DA:794,0
DA:797,0
DA:799,0
DA:802,0
DA:804,0
DA:807,0
DA:810,0
DA:813,0
DA:816,0
DA:819,0
DA:822,0
DA:825,0
DA:828,0
DA:831,0
DA:834,0
DA:837,0
DA:840,0
DA:843,0
DA:846,0
DA:849,0
DA:852,0
DA:855,0
DA:858,0
DA:861,0
DA:864,0
DA:867,0
DA:870,0
DA:873,0
DA:876,0
DA:879,0
DA:882,0
DA:884,0
DA:887,0
DA:890,0
DA:893,0
DA:896,0
DA:899,0
DA:902,0
DA:905,0
DA:908,0
DA:911,0
DA:914,0
DA:917,0
DA:920,0
DA:923,0
DA:926,0
DA:929,0
DA:932,0
DA:935,0
DA:938,0
DA:941,0
DA:944,0
DA:947,0
LF:316
LH:25
end_of_record
SF:lib\l10n\app_localizations_en.dart
DA:9,0
DA:11,0
DA:14,0
DA:17,0
DA:20,0
DA:23,0
DA:26,0
DA:29,0
DA:32,0
DA:35,0
DA:38,0
DA:41,0
DA:44,0
DA:47,0
DA:50,0
DA:53,0
DA:56,0
DA:59,0
DA:62,0
DA:65,0
DA:68,0
DA:72,0
DA:75,0
DA:78,0
DA:81,0
DA:84,0
DA:87,0
DA:90,0
DA:93,0
DA:96,0
DA:99,0
[...]
DA:122,0
DA:123,0
DA:125,0
DA:127,0
DA:128,0
DA:129,0
DA:130,0
DA:131,0
DA:138,0
DA:139,0
DA:140,0
DA:141,0
DA:142,0
DA:150,0
DA:152,0
DA:155,0
DA:156,0
DA:157,0
DA:158,0
DA:159,0
DA:161,0
DA:162,0
DA:166,0
DA:167,0
DA:168,0
DA:169,0
DA:170,0
DA:172,0
DA:173,0
DA:174,0
DA:178,0
DA:179,0
DA:180,0
DA:181,0
DA:182,0
DA:184,0
DA:185,0
DA:190,0
DA:192,0
DA:193,0
DA:201,0
DA:202,0
DA:203,0
DA:204,0
DA:212,0
DA:213,0
DA:216,0
DA:217,0
DA:218,0
DA:219,0
DA:220,0
DA:221,0
DA:222,0
DA:223,0
DA:224,0
DA:226,0
DA:227,0
DA:231,0
DA:233,0
DA:235,0
DA:236,0
DA:237,0
DA:238,0
DA:239,0
DA:247,0
DA:249,0
DA:251,0
DA:252,0
DA:254,0
DA:255,0
DA:257,0
DA:262,0
DA:264,0
DA:265,0
DA:266,0
DA:268,0
DA:270,0
DA:272,0
DA:273,0
DA:274,0
DA:276,0
DA:277,0
DA:279,0
DA:282,0
DA:284,0
DA:285,0
DA:287,0
DA:288,0
DA:294,0
DA:300,0
DA:302,0
DA:303,0
DA:310,0
DA:311,0
DA:317,0
DA:319,0
DA:320,0
DA:326,0
DA:327,0
DA:329,0
DA:331,0
DA:332,0
DA:333,0
DA:339,0
DA:340,0
DA:345,0
DA:347,0
DA:348,0
DA:350,0
DA:355,0
DA:357,0
DA:358,0
DA:360,0
DA:365,0
DA:366,0
DA:369,0
DA:387,0
DA:388,0
DA:389,0
DA:391,0
DA:395,0
DA:397,0
DA:407,0
DA:409,0
DA:410,0
DA:412,0
DA:414,0
DA:415,0
DA:416,0
DA:417,0
DA:420,0
DA:426,0
DA:427,0
DA:439,0
DA:441,0
DA:443,0
DA:445,0
DA:446,0
DA:447,0
DA:448,0
DA:449,0
DA:450,0
DA:451,0
DA:453,0
DA:454,0
DA:455,0
DA:457,0
DA:460,0
DA:461,0
DA:467,0
DA:468,0
DA:470,0
DA:471,0
DA:472,0
DA:474,0
DA:477,0
DA:478,0
DA:486,0
DA:488,0
DA:489,0
DA:490,0
DA:493,0
DA:495,0
DA:501,0
DA:504,0
DA:506,0
DA:507,0
DA:508,0
DA:509,0
DA:511,0
DA:512,0
DA:513,0
DA:514,0
DA:516,0
DA:519,0
DA:520,0
DA:522,0
DA:523,0
DA:547,0
DA:553,0
DA:554,0
DA:555,0
DA:556,0
DA:557,0
DA:558,0
DA:560,0
DA:562,0
DA:564,0
DA:565,0
DA:567,0
DA:570,0
DA:572,0
DA:573,0
DA:574,0
LF:249
LH:1
end_of_record
SF:lib\ui\invoice\widgets\enhanced_new_invoice_page.dart
DA:26,0
DA:28,0
DA:30,0
DA:65,0
DA:67,0
DA:68,0
DA:69,0
DA:70,0
DA:73,0
DA:75,0
DA:76,0
DA:77,0
DA:78,0
DA:79,0
DA:82,0
DA:84,0
DA:86,0
DA:89,0
DA:91,0
DA:92,0
DA:93,0
DA:94,0
DA:98,0
DA:102,0
DA:105,0
DA:108,0
DA:109,0
DA:110,0
DA:116,0
DA:117,0
DA:120,0
DA:122,0
DA:123,0
DA:124,0
DA:125,0
DA:126,0
DA:129,0
DA:130,0
DA:131,0
DA:133,0
DA:134,0
DA:135,0
DA:136,0
DA:141,0
DA:142,0
DA:143,0
DA:144,0
DA:148,0
DA:149,0
DA:151,0
DA:154,0
DA:157,0
DA:158,0
DA:162,0
DA:165,0
DA:166,0
DA:167,0
DA:169,0
DA:172,0
DA:173,0
DA:174,0
DA:175,0
DA:176,0
DA:177,0
DA:184,0
DA:185,0
DA:186,0
DA:189,0
DA:190,0
DA:192,0
DA:193,0
DA:195,0
DA:197,0
DA:203,0
DA:204,0
DA:207,0
DA:208,0
DA:209,0
DA:216,0
DA:217,0
DA:226,0
DA:227,0
DA:228,0
DA:229,0
DA:230,0
DA:235,0
DA:237,0
DA:239,0
DA:241,0
DA:242,0
DA:243,0
DA:244,0
DA:248,0
DA:249,0
DA:250,0
DA:251,0
DA:252,0
DA:257,0
DA:258,0
DA:259,0
DA:260,0
DA:261,0
DA:265,0
DA:266,0
DA:267,0
DA:268,0
DA:271,0
DA:273,0
DA:274,0
DA:275,0
DA:282,0
DA:287,0
DA:288,0
DA:290,0
DA:291,0
DA:292,0
DA:293,0
DA:295,0
DA:296,0
DA:297,0
DA:302,0
DA:303,0
DA:304,0
DA:305,0
DA:307,0
DA:308,0
DA:309,0
DA:310,0
DA:312,0
DA:314,0
DA:315,0
DA:316,0
DA:319,0
DA:320,0
DA:323,0
DA:324,0
DA:325,0
DA:328,0
DA:331,0
DA:332,0
DA:333,0
DA:334,0
DA:336,0
DA:337,0
DA:343,0
DA:351,0
DA:352,0
DA:353,0
DA:354,0
DA:355,0
DA:356,0
DA:357,0
DA:358,0
DA:360,0
DA:361,0
DA:365,0
DA:366,0
DA:367,0
DA:368,0
DA:372,0
DA:373,0
DA:374,0
DA:375,0
DA:379,0
DA:383,0
DA:384,0
DA:385,0
DA:387,0
DA:392,0
DA:393,0
DA:394,0
DA:395,0
DA:396,0
DA:403,0
DA:404,0
DA:407,0
DA:408,0
DA:414,0
DA:415,0
DA:421,0
DA:422,0
DA:429,0
DA:430,0
DA:432,0
DA:444,0
DA:446,0
DA:447,0
DA:448,0
DA:449,0
DA:454,0
DA:455,0
DA:456,0
DA:457,0
DA:458,0
DA:459,0
DA:464,0
DA:465,0
DA:468,0
DA:469,0
DA:470,0
DA:471,0
DA:474,0
DA:478,0
DA:480,0
DA:487,0
DA:488,0
DA:489,0
DA:490,0
DA:491,0
DA:492,0
DA:493,0
DA:494,0
DA:495,0
DA:496,0
DA:497,0
DA:498,0
DA:503,0
DA:504,0
DA:507,0
DA:508,0
DA:510,0
DA:511,0
DA:515,0
DA:516,0
DA:517,0
DA:518,0
DA:519,0
DA:520,0
DA:521,0
DA:522,0
DA:523,0
DA:524,0
DA:525,0
DA:526,0
DA:527,0
DA:533,0
DA:534,0
DA:535,0
DA:539,0
DA:540,0
DA:541,0
DA:542,0
DA:543,0
DA:544,0
DA:545,0
DA:551,0
DA:552,0
DA:553,0
DA:556,0
DA:557,0
DA:558,0
DA:561,0
DA:562,0
DA:566,0
DA:567,0
DA:568,0
DA:569,0
DA:572,0
DA:573,0
DA:575,0
DA:577,0
DA:578,0
DA:584,0
DA:586,0
DA:589,0
DA:590,0
DA:591,0
DA:592,0
DA:594,0
DA:597,0
DA:599,0
DA:601,0
DA:607,0
DA:610,0
DA:615,0
DA:617,0
DA:620,0
DA:621,0
DA:622,0
DA:623,0
DA:625,0
DA:626,0
DA:627,0
DA:631,0
DA:636,0
DA:637,0
DA:641,0
DA:646,0
DA:647,0
DA:648,0
DA:649,0
DA:650,0
DA:651,0
DA:653,0
DA:656,0
DA:658,0
DA:662,0
DA:663,0
DA:664,0
DA:665,0
DA:667,0
DA:670,0
DA:677,0
DA:678,0
DA:679,0
DA:680,0
DA:681,0
DA:683,0
DA:685,0
DA:686,0
DA:687,0
DA:690,0
DA:692,0
DA:694,0
DA:695,0
DA:696,0
DA:698,0
DA:699,0
DA:700,0
DA:703,0
DA:711,0
DA:712,0
DA:720,0
DA:721,0
DA:722,0
DA:723,0
DA:725,0
DA:735,0
DA:736,0
DA:737,0
DA:738,0
DA:739,0
DA:741,0
DA:743,0
DA:744,0
DA:745,0
DA:746,0
DA:747,0
DA:748,0
DA:751,0
DA:753,0
DA:754,0
DA:755,0
DA:762,0
DA:763,0
DA:764,0
DA:766,0
DA:767,0
DA:768,0
DA:772,0
DA:777,0
DA:778,0
DA:779,0
DA:780,0
DA:781,0
DA:782,0
DA:783,0
DA:784,0
DA:785,0
DA:786,0
DA:787,0
DA:788,0
DA:789,0
DA:792,0
DA:793,0
DA:794,0
DA:797,0
DA:798,0
DA:799,0
DA:808,0
DA:810,0
DA:811,0
DA:812,0
DA:815,0
DA:816,0
DA:817,0
DA:819,0
DA:820,0
DA:821,0
DA:823,0
DA:824,0
DA:825,0
DA:826,0
DA:831,0
DA:833,0
DA:834,0
DA:836,0
DA:838,0
DA:839,0
DA:840,0
DA:841,0
DA:848,0
DA:850,0
DA:851,0
DA:852,0
DA:854,0
DA:855,0
DA:858,0
DA:859,0
DA:860,0
DA:863,0
DA:865,0
DA:866,0
DA:867,0
DA:868,0
DA:875,0
DA:877,0
DA:878,0
DA:879,0
DA:880,0
DA:883,0
DA:884,0
DA:886,0
DA:887,0
DA:895,0
DA:897,0
DA:898,0
DA:899,0
DA:900,0
DA:903,0
DA:904,0
DA:906,0
DA:910,0
DA:911,0
DA:912,0
DA:944,0
DA:945,0
DA:946,0
DA:954,0
DA:955,0
DA:956,0
DA:965,0
DA:966,0
DA:967,0
DA:972,0
DA:974,0
DA:979,0
DA:980,0
DA:981,0
DA:983,0
DA:984,0
DA:985,0
DA:994,0
DA:996,0
DA:998,0
DA:999,0
DA:1002,0
DA:1003,0
DA:1004,0
DA:1005,0
DA:1007,0
DA:1008,0
DA:1015,0
DA:1016,0
DA:1017,0
DA:1020,0
DA:1021,0
DA:1022,0
DA:1023,0
DA:1033,0
DA:1036,0
DA:1037,0
DA:1038,0
DA:1039,0
DA:1040,0
DA:1045,0
DA:1047,0
DA:1048,0
DA:1049,0
DA:1050,0
DA:1051,0
DA:1052,0
DA:1053,0
DA:1054,0
DA:1055,0
DA:1074,0
DA:1075,0
DA:1077,0
DA:1078,0
DA:1079,0
DA:1080,0
DA:1082,0
DA:1083,0
DA:1084,0
DA:1085,0
DA:1086,0
DA:1088,0
DA:1089,0
DA:1091,0
DA:1092,0
DA:1094,0
DA:1095,0
DA:1097,0
DA:1098,0
DA:1100,0
DA:1101,0
DA:1110,0
DA:1117,0
DA:1119,0
DA:1121,0
DA:1122,0
DA:1124,0
DA:1129,0
DA:1130,0
DA:1131,0
LF:505
LH:0
end_of_record
SF:lib\ui\home\widgets\customers_summary_widget.dart
DA:10,0
DA:12,0
DA:14,0
DA:15,0
DA:16,0
DA:17,0
DA:27,0
DA:28,0
DA:35,0
DA:36,0
DA:38,0
DA:40,0
DA:41,0
DA:43,0
DA:48,0
DA:49,0
DA:50,0
DA:51,0
DA:53,0
DA:59,0
DA:60,0
DA:63,0
DA:71,0
DA:72,0
DA:73,0
DA:74,0
DA:77,0
DA:83,0
DA:84,0
DA:86,0
DA:101,0
DA:104,0
DA:111,0
DA:112,0
DA:114,0
DA:116,0
DA:118,0
DA:121,0
DA:122,0
DA:123,0
DA:128,0
DA:129,0
DA:130,0
DA:131,0
DA:132,0
DA:133,0
DA:135,0
DA:137,0
DA:138,0
DA:142,0
DA:147,0
DA:148,0
DA:154,0
DA:155,0
DA:171,0
DA:178,0
DA:180,0
DA:182,0
DA:183,0
DA:184,0
DA:185,0
DA:187,0
DA:188,0
DA:189,0
DA:191,0
DA:192,0
DA:193,0
DA:195,0
DA:198,0
DA:199,0
DA:200,0
DA:201,0
LF:72
LH:0
end_of_record
SF:lib\ui\invoice\models\product_entry.dart
DA:13,0
DA:15,0
DA:16,0
DA:17,0
DA:18,0
DA:19,0
DA:20,0
DA:21,0
DA:22,0
DA:23,0
DA:24,0
DA:25,0
LF:12
LH:0
end_of_record
SF:lib\ui\invoice\widgets\day_closed_dialog.dart
DA:8,0
DA:14,0
DA:16,0
DA:18,0
DA:19,0
DA:22,0
DA:24,0
DA:25,0
DA:26,0
DA:27,0
DA:33,0
DA:35,0
DA:36,0
DA:38,0
DA:39,0
DA:42,0
DA:59,0
DA:60,0
DA:61,0
DA:62,0
DA:63,0
DA:64,0
DA:72,0
DA:73,0
DA:74,0
DA:75,0
LF:26
LH:0
end_of_record
SF:lib\ui\invoice\widgets\day_opening_page.dart
DA:9,0
DA:11,0
DA:12,0
DA:19,0
DA:21,0
DA:22,0
DA:25,0
DA:26,0
DA:27,0
DA:36,0
DA:40,0
DA:41,0
DA:43,0
DA:44,0
DA:51,0
DA:52,0
DA:55,0
DA:56,0
DA:57,0
DA:58,0
DA:64,0
DA:65,0
DA:70,0
DA:72,0
DA:73,0
DA:77,0
DA:78,0
DA:80,0
DA:82,0
DA:90,0
DA:92,0
DA:93,0
DA:105,0
DA:107,0
DA:108,0
DA:109,0
LF:36
LH:0
end_of_record
SF:lib\ui\invoice\widgets\invoice_type_selection_modal.dart
DA:9,0
DA:11,0
DA:13,0
DA:15,0
DA:16,0
DA:17,0
DA:18,0
DA:21,0
DA:22,0
DA:23,0
DA:24,0
DA:25,0
DA:27,0
DA:28,0
DA:29,0
DA:35,0
DA:37,0
DA:38,0
DA:40,0
DA:43,0
DA:47,0
DA:49,0
DA:51,0
DA:55,0
DA:56,0
DA:58,0
DA:59,0
DA:60,0
DA:61,0
DA:62,0
DA:64,0
DA:65,0
DA:66,0
DA:69,0
DA:70,0
DA:74,0
DA:75,0
DA:76,0
DA:79,0
DA:82,0
DA:84,0
DA:87,0
DA:91,0
DA:94,0
DA:96,0
DA:108,0
DA:109,0
DA:110,0
DA:111,0
DA:112,0
DA:114,0
DA:115,0
DA:116,0
DA:119,0
DA:120,0
DA:124,0
DA:125,0
DA:126,0
DA:129,0
DA:132,0
DA:134,0
DA:137,0
DA:141,0
DA:144,0
DA:146,0
LF:65
LH:0
end_of_record
SF:lib\ui\invoice\widgets\product_card.dart
DA:9,0
DA:11,0
DA:13,0
DA:14,0
DA:15,0
DA:16,0
DA:18,0
DA:20,0
DA:21,0
DA:22,0
DA:23,0
DA:24,0
DA:30,0
DA:32,0
DA:34,0
DA:35,0
DA:37,0
DA:38,0
DA:40,0
DA:41,0
DA:53,0
DA:54,0
DA:63,0
DA:65,0
DA:66,0
DA:67,0
DA:68,0
DA:69,0
DA:74,0
DA:79,0
DA:80,0
DA:81,0
DA:82,0
DA:83,0
DA:85,0
DA:86,0
DA:87,0
DA:89,0
DA:90,0
DA:91,0
LF:40
LH:0
end_of_record
SF:lib\ui\invoice\widgets\product_selection_modal.dart
DA:17,0
DA:23,0
DA:24,0
DA:42,0
DA:44,0
DA:45,0
DA:46,0
DA:47,0
DA:50,0
DA:52,0
DA:53,0
DA:54,0
DA:55,0
DA:56,0
DA:59,0
DA:60,0
DA:63,0
DA:65,0
DA:66,0
DA:69,0
DA:70,0
DA:71,0
DA:74,0
DA:76,0
DA:77,0
DA:78,0
DA:80,0
DA:81,0
DA:82,0
DA:84,0
DA:87,0
DA:88,0
DA:90,0
DA:91,0
DA:92,0
DA:98,0
DA:99,0
DA:100,0
DA:101,0
DA:113,0
DA:114,0
DA:115,0
DA:116,0
DA:117,0
DA:124,0
DA:125,0
DA:126,0
DA:127,0
DA:130,0
DA:135,0
DA:136,0
DA:137,0
DA:142,0
DA:143,0
DA:144,0
DA:150,0
DA:151,0
DA:153,0
DA:155,0
DA:156,0
DA:157,0
DA:158,0
DA:168,0
DA:169,0
DA:170,0
DA:175,0
DA:176,0
DA:177,0
DA:184,0
DA:185,0
DA:187,0
DA:188,0
DA:189,0
DA:194,0
DA:195,0
DA:196,0
DA:202,0
DA:203,0
DA:204,0
DA:205,0
DA:206,0
DA:215,0
DA:216,0
DA:217,0
DA:220,0
DA:221,0
DA:222,0
DA:227,0
DA:228,0
DA:229,0
DA:238,0
DA:239,0
DA:240,0
DA:243,0
DA:244,0
DA:245,0
DA:254,0
DA:256,0
DA:257,0
DA:258,0
DA:259,0
DA:261,0
DA:263,0
DA:271,0
DA:272,0
DA:273,0
DA:286,0
DA:287,0
DA:288,0
DA:289,0
DA:290,0
DA:295,0
DA:296,0
DA:297,0
DA:298,0
DA:299,0
DA:300,0
DA:301,0
DA:302,0
DA:303,0
DA:304,0
DA:306,0
DA:309,0
LF:123
LH:0
end_of_record
SF:lib\ui\invoice\widgets\order_line_item.dart
DA:12,0
DA:20,0
DA:21,0
DA:32,0
DA:34,0
DA:35,0
DA:36,0
DA:38,0
DA:39,0
DA:41,0
DA:42,0
DA:44,0
DA:45,0
DA:49,0
DA:51,0
DA:52,0
DA:53,0
DA:54,0
DA:55,0
DA:58,0
DA:59,0
DA:60,0
DA:61,0
DA:62,0
DA:63,0
DA:64,0
DA:65,0
DA:66,0
DA:67,0
DA:70,0
DA:71,0
DA:72,0
DA:73,0
DA:75,0
DA:78,0
DA:80,0
DA:82,0
DA:83,0
DA:85,0
DA:90,0
DA:91,0
DA:94,0
DA:95,0
DA:96,0
DA:101,0
DA:102,0
DA:103,0
DA:105,0
DA:106,0
DA:107,0
DA:109,0
DA:115,0
DA:116,0
DA:118,0
DA:120,0
DA:122,0
DA:127,0
DA:128,0
DA:136,0
DA:138,0
DA:139,0
DA:140,0
DA:141,0
DA:144,0
DA:145,0
DA:146,0
DA:151,0
DA:153,0
DA:161,0
DA:163,0
DA:165,0
DA:166,0
DA:167,0
DA:168,0
DA:170,0
DA:171,0
DA:172,0
DA:179,0
DA:180,0
DA:182,0
DA:187,0
DA:188,0
DA:189,0
DA:198,0
DA:199,0
DA:200,0
DA:203,0
DA:209,0
DA:210,0
DA:212,0
DA:213,0
DA:214,0
DA:223,0
DA:224,0
DA:225,0
DA:228,0
DA:233,0
DA:234,0
DA:235,0
DA:244,0
DA:245,0
DA:246,0
DA:249,0
LF:103
LH:0
end_of_record
SF:lib\ui\widgets\custom_button.dart
DA:8,0
DA:15,0
DA:17,0
DA:18,0
DA:19,0
DA:20,0
DA:24,0
LF:7
LH:0
end_of_record
SF:lib\ui\product\widgets\edit_product.dart
DA:10,0
DA:12,0
DA:13,0
DA:22,0
DA:24,0
DA:25,0
DA:26,0
DA:27,0
DA:29,0
DA:30,0
DA:34,0
DA:36,0
DA:37,0
DA:38,0
DA:39,0
DA:42,0
DA:43,0
DA:44,0
DA:45,0
DA:46,0
DA:47,0
DA:48,0
DA:50,0
DA:54,0
DA:56,0
DA:57,0
DA:58,0
DA:61,0
DA:63,0
DA:64,0
DA:65,0
DA:66,0
DA:72,0
DA:73,0
DA:74,0
DA:76,0
DA:77,0
DA:78,0
DA:79,0
DA:80,0
DA:83,0
DA:84,0
DA:88,0
DA:89,0
DA:90,0
DA:91,0
DA:95,0
DA:96,0
DA:97,0
DA:101,0
DA:102,0
DA:103,0
DA:104,0
DA:110,0
DA:111,0
DA:112,0
DA:116,0
DA:118,0
DA:119,0
DA:120,0
DA:121,0
DA:123,0
DA:124,0
DA:125,0
DA:126,0
DA:128,0
LF:66
LH:0
end_of_record
SF:lib\ui\product\widgets\export _product.dart
DA:10,0
DA:12,0
DA:13,0
DA:16,0
DA:17,0
DA:18,0
DA:21,0
DA:23,0
DA:28,0
DA:33,0
DA:39,0
DA:40,0
DA:42,0
DA:46,0
DA:49,0
DA:50,0
DA:51,0
DA:52,0
DA:53,0
DA:54,0
DA:55,0
DA:57,0
DA:59,0
DA:62,0
DA:63,0
DA:67,0
DA:69,0
DA:71,0
DA:72,0
DA:74,0
DA:78,0
DA:79,0
DA:80,0
DA:82,0
DA:84,0
DA:88,0
DA:89,0
DA:90,0
DA:93,0
DA:94,0
DA:102,0
DA:103,0
LF:42
LH:0
end_of_record
SF:lib\ui\product\widgets\product_container.dart
DA:12,1
DA:14,1
DA:15,1
DA:24,1
DA:26,1
DA:27,6
DA:28,1
DA:29,2
DA:30,1
DA:31,1
DA:37,0
DA:38,0
DA:39,0
DA:40,0
DA:41,0
DA:42,0
DA:43,0
DA:44,0
DA:52,0
DA:53,0
DA:54,0
DA:55,0
DA:57,0
DA:59,0
DA:60,0
DA:61,0
DA:66,0
DA:67,0
DA:68,0
DA:69,0
DA:74,1
DA:75,1
DA:76,1
DA:77,6
DA:80,0
DA:83,0
DA:84,0
DA:87,1
DA:89,1
DA:91,1
DA:93,1
DA:94,1
DA:96,1
DA:97,1
DA:98,1
DA:99,2
DA:100,4
DA:107,1
DA:110,1
DA:111,1
DA:112,1
DA:113,1
DA:121,1
DA:122,2
DA:126,1
DA:127,0
DA:128,1
DA:140,1
DA:141,2
DA:150,1
DA:151,1
DA:152,1
DA:153,2
DA:156,1
DA:157,1
DA:158,4
DA:159,1
DA:160,1
DA:164,1
DA:165,1
DA:166,1
DA:167,3
DA:171,1
DA:173,1
DA:174,1
DA:176,1
DA:178,1
DA:180,1
DA:181,1
DA:182,4
DA:184,1
DA:186,1
DA:188,1
DA:189,1
DA:191,3
DA:198,1
DA:199,4
DA:200,4
DA:201,4
DA:202,4
DA:203,4
DA:204,4
DA:206,3
DA:207,1
DA:208,1
DA:209,1
DA:210,4
DA:211,3
DA:212,4
DA:213,1
DA:214,1
DA:215,4
DA:218,1
DA:219,1
DA:224,1
DA:226,2
DA:228,1
DA:231,0
DA:232,1
DA:234,1
DA:235,2
DA:236,2
DA:237,0
DA:238,1
DA:240,2
DA:250,1
DA:251,1
DA:252,1
DA:253,1
DA:255,0
DA:256,0
DA:258,1
DA:262,0
DA:263,0
LF:124
LH:94
end_of_record
SF:lib\ui\product\widgets\product_form.dart
DA:11,1
DA:13,1
DA:14,1
DA:24,1
DA:26,1
DA:27,4
DA:28,2
DA:29,2
DA:31,2
DA:32,2
DA:34,3
DA:37,1
DA:39,2
DA:40,2
DA:41,2
DA:42,1
DA:45,1
DA:46,3
DA:48,2
DA:50,4
DA:51,1
DA:52,2
DA:53,3
DA:54,3
DA:55,2
DA:60,0
DA:61,0
DA:62,0
DA:63,0
DA:64,0
DA:65,0
DA:70,1
DA:71,3
DA:72,3
DA:73,1
DA:74,1
DA:75,2
DA:76,3
DA:77,0
DA:84,0
DA:85,0
DA:86,0
DA:87,0
DA:96,1
DA:98,1
DA:99,1
DA:100,1
DA:101,2
DA:102,2
DA:103,0
DA:105,3
DA:107,1
DA:109,1
DA:110,1
DA:111,1
DA:113,1
DA:114,1
DA:115,1
DA:116,1
DA:117,2
DA:121,1
DA:122,2
DA:123,0
DA:129,1
DA:130,1
DA:131,1
DA:132,1
DA:133,2
DA:137,1
DA:138,2
DA:139,0
DA:141,1
DA:142,2
DA:143,0
DA:149,1
DA:150,1
DA:152,1
DA:153,2
DA:157,1
DA:158,2
DA:159,0
DA:161,3
DA:162,0
DA:168,1
DA:169,1
DA:170,1
DA:171,2
DA:175,1
DA:176,1
DA:178,3
DA:180,1
DA:182,3
DA:185,0
DA:187,0
DA:188,0
DA:194,1
DA:195,1
DA:196,1
DA:198,3
DA:201,1
DA:202,2
DA:203,2
DA:204,0
LF:103
LH:82
end_of_record
SF:lib\ui\reports\widgets\customer_report_tab.dart
DA:10,0
DA:12,0
DA:13,0
DA:24,0
DA:26,0
DA:27,0
DA:30,0
DA:31,0
DA:33,0
DA:34,0
DA:36,0
DA:41,0
DA:42,0
DA:44,0
DA:46,0
DA:47,0
DA:51,0
DA:52,0
DA:53,0
DA:54,0
DA:57,0
DA:58,0
DA:59,0
DA:60,0
DA:61,0
DA:68,0
DA:69,0
DA:70,0
DA:73,0
DA:74,0
DA:75,0
DA:77,0
DA:78,0
DA:83,0
DA:84,0
DA:87,0
DA:91,0
DA:93,0
DA:94,0
DA:95,0
DA:97,0
DA:98,0
DA:99,0
DA:100,0
DA:102,0
DA:104,0
DA:106,0
DA:107,0
DA:109,0
DA:110,0
DA:111,0
DA:112,0
DA:114,0
DA:121,0
DA:122,0
DA:123,0
DA:129,0
DA:131,0
DA:132,0
DA:133,0
DA:135,0
DA:136,0
DA:137,0
DA:138,0
DA:139,0
DA:141,0
DA:143,0
DA:144,0
DA:146,0
DA:147,0
DA:148,0
DA:149,0
DA:151,0
DA:152,0
DA:153,0
DA:154,0
DA:157,0
DA:160,0
DA:161,0
DA:162,0
DA:168,0
DA:171,0
DA:173,0
DA:175,0
DA:177,0
DA:180,0
DA:181,0
DA:182,0
DA:183,0
DA:185,0
DA:188,0
DA:189,0
DA:191,0
DA:193,0
DA:194,0
DA:196,0
DA:197,0
DA:199,0
DA:200,0
DA:201,0
DA:202,0
DA:203,0
DA:206,0
DA:207,0
DA:213,0
DA:214,0
DA:219,0
DA:221,0
DA:234,0
DA:236,0
DA:237,0
DA:239,0
DA:240,0
DA:241,0
DA:247,0
DA:249,0
DA:265,0
DA:266,0
DA:268,0
DA:270,0
DA:271,0
DA:272,0
DA:274,0
DA:275,0
DA:281,0
DA:282,0
DA:284,0
DA:285,0
DA:297,0
DA:298,0
DA:299,0
DA:300,0
DA:301,0
DA:302,0
DA:303,0
DA:304,0
DA:307,0
DA:308,0
DA:310,0
DA:316,0
DA:317,0
DA:318,0
DA:319,0
DA:320,0
DA:321,0
DA:324,0
DA:325,0
DA:333,0
DA:339,0
DA:340,0
DA:342,0
DA:343,0
DA:344,0
DA:345,0
DA:347,0
DA:348,0
DA:349,0
DA:350,0
DA:352,0
DA:353,0
DA:354,0
DA:355,0
DA:356,0
DA:357,0
DA:364,0
DA:365,0
DA:366,0
DA:367,0
DA:368,0
DA:369,0
DA:370,0
DA:371,0
DA:372,0
DA:373,0
DA:382,0
DA:399,0
DA:408,0
DA:415,0
DA:417,0
DA:419,0
DA:421,0
DA:422,0
DA:423,0
DA:425,0
DA:426,0
DA:427,0
DA:429,0
DA:432,0
DA:434,0
DA:435,0
DA:436,0
DA:437,0
DA:439,0
DA:441,0
DA:442,0
DA:443,0
DA:445,0
LF:197
LH:0
end_of_record
SF:lib\ui\reports\widgets\expenses_report_tab.dart
DA:11,0
DA:13,0
DA:14,0
DA:24,0
DA:26,0
DA:27,0
DA:30,0
DA:31,0
DA:35,0
DA:37,0
DA:38,0
DA:40,0
DA:45,0
DA:46,0
DA:49,0
DA:50,0
DA:53,0
DA:54,0
DA:55,0
DA:56,0
DA:57,0
DA:64,0
DA:65,0
DA:67,0
DA:68,0
DA:69,0
DA:70,0
DA:71,0
DA:72,0
DA:74,0
DA:81,0
DA:82,0
DA:83,0
DA:85,0
DA:89,0
DA:92,0
DA:93,0
DA:94,0
DA:95,0
DA:96,0
DA:97,0
DA:98,0
DA:100,0
DA:102,0
DA:103,0
DA:105,0
DA:106,0
DA:107,0
DA:108,0
DA:109,0
DA:111,0
DA:114,0
DA:115,0
DA:116,0
DA:122,0
DA:124,0
DA:125,0
DA:126,0
DA:127,0
DA:128,0
DA:129,0
DA:130,0
DA:132,0
DA:134,0
DA:135,0
DA:137,0
DA:138,0
DA:139,0
DA:140,0
DA:141,0
DA:143,0
DA:144,0
DA:145,0
DA:146,0
DA:147,0
DA:150,0
DA:153,0
DA:154,0
DA:155,0
DA:161,0
DA:163,0
DA:165,0
DA:166,0
DA:167,0
DA:168,0
DA:170,0
DA:173,0
DA:174,0
DA:176,0
DA:178,0
DA:179,0
DA:181,0
DA:182,0
DA:184,0
DA:185,0
DA:186,0
DA:187,0
DA:188,0
DA:189,0
DA:190,0
DA:192,0
DA:193,0
DA:194,0
DA:196,0
DA:197,0
DA:203,0
DA:204,0
DA:215,0
DA:216,0
DA:218,0
DA:219,0
DA:225,0
DA:226,0
DA:228,0
DA:229,0
DA:241,0
DA:242,0
DA:243,0
DA:244,0
DA:245,0
DA:253,0
DA:259,0
DA:260,0
DA:262,0
DA:263,0
DA:264,0
DA:265,0
DA:267,0
DA:268,0
DA:269,0
DA:270,0
DA:272,0
DA:273,0
DA:274,0
DA:275,0
DA:277,0
DA:278,0
DA:279,0
DA:285,0
DA:286,0
DA:289,0
DA:290,0
DA:291,0
DA:292,0
DA:293,0
DA:294,0
DA:296,0
DA:299,0
DA:300,0
DA:301,0
DA:302,0
DA:309,0
DA:310,0
DA:314,0
DA:333,0
DA:340,0
DA:342,0
DA:344,0
DA:346,0
DA:347,0
DA:348,0
DA:350,0
DA:351,0
DA:352,0
DA:354,0
DA:357,0
DA:359,0
DA:360,0
DA:361,0
DA:362,0
DA:364,0
DA:366,0
DA:367,0
DA:368,0
DA:370,0
LF:175
LH:0
end_of_record
SF:lib\ui\reports\widgets\sales_report_tab.dart
DA:14,0
DA:16,0
DA:17,0
DA:29,0
DA:31,0
DA:32,0
DA:35,0
DA:36,0
DA:39,0
DA:41,0
DA:42,0
DA:43,0
DA:46,0
DA:47,0
DA:48,0
DA:50,0
DA:51,0
DA:52,0
DA:53,0
DA:54,0
DA:62,0
DA:63,0
DA:65,0
DA:66,0
DA:67,0
DA:68,0
DA:69,0
DA:70,0
DA:72,0
DA:79,0
DA:80,0
DA:81,0
DA:83,0
DA:87,0
DA:89,0
DA:91,0
DA:92,0
DA:93,0
DA:94,0
DA:95,0
DA:96,0
DA:101,0
DA:104,0
DA:110,0
DA:113,0
DA:114,0
DA:115,0
DA:122,0
DA:124,0
DA:125,0
DA:127,0
DA:129,0
DA:133,0
DA:134,0
DA:135,0
DA:137,0
DA:138,0
DA:144,0
DA:145,0
DA:150,0
DA:151,0
DA:152,0
DA:153,0
DA:158,0
DA:160,0
DA:163,0
DA:165,0
DA:166,0
DA:167,0
DA:168,0
DA:169,0
DA:170,0
DA:174,0
DA:177,0
DA:183,0
DA:185,0
DA:188,0
DA:189,0
DA:190,0
DA:196,0
DA:198,0
DA:200,0
DA:203,0
DA:204,0
DA:205,0
DA:206,0
DA:208,0
DA:211,0
DA:212,0
DA:214,0
DA:216,0
DA:217,0
DA:219,0
DA:220,0
DA:222,0
DA:223,0
DA:224,0
DA:225,0
DA:226,0
DA:227,0
DA:228,0
DA:230,0
DA:231,0
DA:232,0
DA:234,0
DA:235,0
DA:241,0
DA:242,0
DA:253,0
DA:254,0
DA:256,0
DA:257,0
DA:263,0
DA:264,0
DA:267,0
DA:273,0
DA:274,0
DA:276,0
DA:277,0
DA:289,0
DA:291,0
DA:292,0
DA:293,0
DA:295,0
DA:297,0
DA:306,0
DA:307,0
DA:321,0
DA:322,0
DA:324,0
DA:325,0
DA:326,0
DA:327,0
DA:329,0
DA:330,0
DA:331,0
DA:332,0
DA:334,0
DA:335,0
DA:341,0
DA:347,0
DA:353,0
DA:360,0
DA:361,0
DA:362,0
DA:363,0
DA:364,0
DA:365,0
DA:366,0
DA:367,0
DA:369,0
DA:370,0
DA:371,0
DA:380,0
LF:154
LH:0
end_of_record
SF:lib\ui\widgets\delete_confirmation.dart
DA:8,0
DA:14,0
DA:16,0
DA:17,0
DA:19,0
DA:20,0
DA:21,0
DA:22,0
DA:24,0
DA:25,0
DA:26,0
DA:27,0
DA:29,0
LF:13
LH:0
end_of_record
SF:lib\ui\widgets\search_widget.dart
DA:8,1
DA:15,1
DA:16,1
DA:20,1
DA:22,1
DA:23,3
DA:24,0
DA:28,1
DA:30,1
DA:32,1
DA:33,2
DA:34,2
DA:36,1
DA:39,2
DA:41,1
DA:42,1
DA:45,1
DA:46,1
DA:51,4
DA:52,0
DA:54,0
DA:56,0
DA:57,0
DA:58,0
LF:24
LH:18
end_of_record
SF:lib\ui\widgets\side_bar.dart
DA:10,0
DA:16,0
DA:18,0
DA:19,0
DA:20,0
DA:23,0
DA:26,0
DA:29,0
DA:32,0
DA:35,0
DA:38,0
DA:41,0
DA:44,0
DA:50,0
DA:53,0
DA:56,0
DA:62,0
DA:68,0
DA:71,0
DA:79,0
DA:85,0
DA:86,0
DA:88,0
DA:89,0
DA:93,0
DA:95,0
DA:96,0
DA:100,0
DA:102,0
DA:104,0
DA:105,0
DA:110,0
DA:111,0
LF:33
LH:0
end_of_record
SF:lib\ui\widgets\text_field.dart
DA:3,0
DA:9,0
DA:12,0
DA:14,0
DA:18,0
DA:19,0
LF:6
LH:0
end_of_record
